# JRE version: OpenJDK Runtime Environment (17.0.11) (build 17.0.11+0--11852314)
# Java VM: OpenJDK 64-Bit Server VM (17.0.11+0--11852314, mixed mode, tiered, compressed oops, compressed class ptrs, g1 gc, windows-amd64)
GC Precious Log:
 CPUs: 4 total, 4 available
 Memory: 4094M
 Large Page Support: Disabled
 NUMA Support: Disabled
 Compressed Oops: Enabled (32-bit)
 Heap Region Size: 1M
 Heap Min Capacity: 8M
 Heap Initial Capacity: 64M
 Heap Max Capacity: 2G
 Pre-touch: Disabled
 Parallel Workers: 4
 Concurrent Workers: 1
 Concurrent Refinement Workers: 4
 Periodic GC: Disabled
Heap:
 garbage-first heap   total 323584K, used 277395K [0x0000000080000000, 0x0000000100000000)
  region size 1024K, 2 young (2048K), 2 survivors (2048K)
 Metaspace       used 152586K, committed 154688K, reserved 1245184K
  class space    used 20346K, committed 21312K, reserved 1048576K
GC Heap History (20 events):
Event: 1332.361 GC heap after
{Heap after GC invocations=80 (full 0):
 garbage-first heap   total 323584K, used 242688K [0x0000000080000000, 0x0000000100000000)
  region size 1024K, 6 young (6144K), 6 survivors (6144K)
 Metaspace       used 150381K, committed 151936K, reserved 1245184K
  class space    used 19958K, committed 20672K, reserved 1048576K
}
Event: 1332.845 GC heap before
{Heap before GC invocations=80 (full 0):
 garbage-first heap   total 323584K, used 272384K [0x0000000080000000, 0x0000000100000000)
  region size 1024K, 36 young (36864K), 6 survivors (6144K)
 Metaspace       used 150419K, committed 151936K, reserved 1245184K
  class space    used 19958K, committed 20672K, reserved 1048576K
}
Event: 1332.867 GC heap after
{Heap after GC invocations=81 (full 0):
 garbage-first heap   total 323584K, used 250800K [0x0000000080000000, 0x0000000100000000)
  region size 1024K, 5 young (5120K), 5 survivors (5120K)
 Metaspace       used 150419K, committed 151936K, reserved 1245184K
  class space    used 19958K, committed 20672K, reserved 1048576K
}
Event: 1333.526 GC heap before
{Heap before GC invocations=81 (full 0):
 garbage-first heap   total 323584K, used 274352K [0x0000000080000000, 0x0000000100000000)
  region size 1024K, 29 young (29696K), 5 survivors (5120K)
 Metaspace       used 150513K, committed 152064K, reserved 1245184K
  class space    used 19961K, committed 20672K, reserved 1048576K
}
Event: 1333.538 GC heap after
{Heap after GC invocations=82 (full 0):
 garbage-first heap   total 323584K, used 252547K [0x0000000080000000, 0x0000000100000000)
  region size 1024K, 3 young (3072K), 3 survivors (3072K)
 Metaspace       used 150513K, committed 152064K, reserved 1245184K
  class space    used 19961K, committed 20672K, reserved 1048576K
}
Event: 1333.840 GC heap before
{Heap before GC invocations=82 (full 0):
 garbage-first heap   total 323584K, used 270979K [0x0000000080000000, 0x0000000100000000)
  region size 1024K, 13 young (13312K), 3 survivors (3072K)
 Metaspace       used 150540K, committed 152064K, reserved 1245184K
  class space    used 19963K, committed 20672K, reserved 1048576K
}
Event: 1333.866 GC heap after
{Heap after GC invocations=83 (full 0):
 garbage-first heap   total 323584K, used 258141K [0x0000000080000000, 0x0000000100000000)
  region size 1024K, 2 young (2048K), 2 survivors (2048K)
 Metaspace       used 150540K, committed 152064K, reserved 1245184K
  class space    used 19963K, committed 20672K, reserved 1048576K
}
Event: 1666.035 GC heap before
{Heap before GC invocations=83 (full 0):
 garbage-first heap   total 323584K, used 280669K [0x0000000080000000, 0x0000000100000000)
  region size 1024K, 23 young (23552K), 2 survivors (2048K)
 Metaspace       used 151451K, committed 153280K, reserved 1245184K
  class space    used 20158K, committed 20992K, reserved 1048576K
}
Event: 1666.043 GC heap after
{Heap after GC invocations=84 (full 0):
 garbage-first heap   total 323584K, used 252380K [0x0000000080000000, 0x0000000100000000)
  region size 1024K, 3 young (3072K), 3 survivors (3072K)
 Metaspace       used 151451K, committed 153280K, reserved 1245184K
  class space    used 20158K, committed 20992K, reserved 1048576K
}
Event: 1666.666 GC heap before
{Heap before GC invocations=84 (full 0):
 garbage-first heap   total 323584K, used 279004K [0x0000000080000000, 0x0000000100000000)
  region size 1024K, 29 young (29696K), 3 survivors (3072K)
 Metaspace       used 152236K, committed 154240K, reserved 1245184K
  class space    used 20293K, committed 21248K, reserved 1048576K
}
Event: 1666.680 GC heap after
{Heap after GC invocations=85 (full 0):
 garbage-first heap   total 323584K, used 256736K [0x0000000080000000, 0x0000000100000000)
  region size 1024K, 4 young (4096K), 4 survivors (4096K)
 Metaspace       used 152236K, committed 154240K, reserved 1245184K
  class space    used 20293K, committed 21248K, reserved 1048576K
}
Event: 1667.145 GC heap before
{Heap before GC invocations=85 (full 0):
 garbage-first heap   total 323584K, used 279264K [0x0000000080000000, 0x0000000100000000)
  region size 1024K, 27 young (27648K), 4 survivors (4096K)
 Metaspace       used 152505K, committed 154624K, reserved 1245184K
  class space    used 20341K, committed 21312K, reserved 1048576K
}
Event: 1667.160 GC heap after
{Heap after GC invocations=86 (full 0):
 garbage-first heap   total 323584K, used 259797K [0x0000000080000000, 0x0000000100000000)
  region size 1024K, 3 young (3072K), 3 survivors (3072K)
 Metaspace       used 152505K, committed 154624K, reserved 1245184K
  class space    used 20341K, committed 21312K, reserved 1048576K
}
Event: 1667.614 GC heap before
{Heap before GC invocations=86 (full 0):
 garbage-first heap   total 323584K, used 282325K [0x0000000080000000, 0x0000000100000000)
  region size 1024K, 24 young (24576K), 3 survivors (3072K)
 Metaspace       used 152518K, committed 154624K, reserved 1245184K
  class space    used 20341K, committed 21312K, reserved 1048576K
}
Event: 1667.625 GC heap after
{Heap after GC invocations=87 (full 0):
 garbage-first heap   total 323584K, used 268459K [0x0000000080000000, 0x0000000100000000)
  region size 1024K, 3 young (3072K), 3 survivors (3072K)
 Metaspace       used 152518K, committed 154624K, reserved 1245184K
  class space    used 20341K, committed 21312K, reserved 1048576K
}
Event: 1667.706 GC heap before
{Heap before GC invocations=87 (full 0):
 garbage-first heap   total 323584K, used 280747K [0x0000000080000000, 0x0000000100000000)
  region size 1024K, 15 young (15360K), 3 survivors (3072K)
 Metaspace       used 152519K, committed 154624K, reserved 1245184K
  class space    used 20341K, committed 21312K, reserved 1048576K
}
Event: 1667.717 GC heap after
{Heap after GC invocations=88 (full 0):
 garbage-first heap   total 323584K, used 272146K [0x0000000080000000, 0x0000000100000000)
  region size 1024K, 2 young (2048K), 2 survivors (2048K)
 Metaspace       used 152519K, committed 154624K, reserved 1245184K
  class space    used 20341K, committed 21312K, reserved 1048576K
}
Event: 1668.114 GC heap before
{Heap before GC invocations=88 (full 0):
 garbage-first heap   total 323584K, used 285458K [0x0000000080000000, 0x0000000100000000)
  region size 1024K, 15 young (15360K), 2 survivors (2048K)
 Metaspace       used 152556K, committed 154624K, reserved 1245184K
  class space    used 20341K, committed 21312K, reserved 1048576K
}
Event: 1668.125 GC heap after
{Heap after GC invocations=89 (full 0):
 garbage-first heap   total 323584K, used 275456K [0x0000000080000000, 0x0000000100000000)
  region size 1024K, 2 young (2048K), 2 survivors (2048K)
 Metaspace       used 152556K, committed 154624K, reserved 1245184K
  class space    used 20341K, committed 21312K, reserved 1048576K
}
Event: 1668.555 GC heap before
{Heap before GC invocations=89 (full 0):
 garbage-first heap   total 323584K, used 288768K [0x0000000080000000, 0x0000000100000000)
  region size 1024K, 15 young (15360K), 2 survivors (2048K)
 Metaspace       used 152586K, committed 154688K, reserved 1245184K
  class space    used 20346K, committed 21312K, reserved 1048576K
}

