# JRE version: OpenJDK Runtime Environment (17.0.11) (build 17.0.11+0--11852314)
# Java VM: OpenJDK 64-Bit Server VM (17.0.11+0--11852314, mixed mode, tiered, compressed oops, compressed class ptrs, g1 gc, windows-amd64)
GC Precious Log:
 CPUs: 4 total, 4 available
 Memory: 4094M
 Large Page Support: Disabled
 NUMA Support: Disabled
 Compressed Oops: Enabled (32-bit)
 Heap Region Size: 1M
 Heap Min Capacity: 8M
 Heap Initial Capacity: 64M
 Heap Max Capacity: 2G
 Pre-touch: Disabled
 Parallel Workers: 4
 Concurrent Workers: 1
 Concurrent Refinement Workers: 4
 Periodic GC: Disabled
Heap:
 garbage-first heap   total 242688K, used 113182K [0x0000000080000000, 0x0000000100000000)
  region size 1024K, 41 young (41984K), 15 survivors (15360K)
 Metaspace       used 100414K, committed 101120K, reserved 1179648K
  class space    used 13771K, committed 14080K, reserved 1048576K
GC Heap History (20 events):
Event: 17.577 GC heap before
{Heap before GC invocations=39 (full 0):
 garbage-first heap   total 121856K, used 71575K [0x0000000080000000, 0x0000000100000000)
  region size 1024K, 16 young (16384K), 5 survivors (5120K)
 Metaspace       used 68164K, committed 68800K, reserved 1114112K
  class space    used 9155K, committed 9408K, reserved 1048576K
}
Event: 17.588 GC heap after
{Heap after GC invocations=40 (full 0):
 garbage-first heap   total 121856K, used 59653K [0x0000000080000000, 0x0000000100000000)
  region size 1024K, 5 young (5120K), 5 survivors (5120K)
 Metaspace       used 68164K, committed 68800K, reserved 1114112K
  class space    used 9155K, committed 9408K, reserved 1048576K
}
Event: 18.219 GC heap before
{Heap before GC invocations=41 (full 0):
 garbage-first heap   total 121856K, used 89349K [0x0000000080000000, 0x0000000100000000)
  region size 1024K, 33 young (33792K), 5 survivors (5120K)
 Metaspace       used 70299K, committed 70912K, reserved 1114112K
  class space    used 9452K, committed 9728K, reserved 1048576K
}
Event: 18.226 GC heap after
{Heap after GC invocations=42 (full 0):
 garbage-first heap   total 121856K, used 62289K [0x0000000080000000, 0x0000000100000000)
  region size 1024K, 2 young (2048K), 2 survivors (2048K)
 Metaspace       used 70299K, committed 70912K, reserved 1114112K
  class space    used 9452K, committed 9728K, reserved 1048576K
}
Event: 18.835 GC heap before
{Heap before GC invocations=42 (full 0):
 garbage-first heap   total 121856K, used 90961K [0x0000000080000000, 0x0000000100000000)
  region size 1024K, 30 young (30720K), 2 survivors (2048K)
 Metaspace       used 72300K, committed 72896K, reserved 1114112K
  class space    used 9712K, committed 9984K, reserved 1048576K
}
Event: 18.842 GC heap after
{Heap after GC invocations=43 (full 0):
 garbage-first heap   total 121856K, used 63555K [0x0000000080000000, 0x0000000100000000)
  region size 1024K, 3 young (3072K), 3 survivors (3072K)
 Metaspace       used 72300K, committed 72896K, reserved 1114112K
  class space    used 9712K, committed 9984K, reserved 1048576K
}
Event: 19.280 GC heap before
{Heap before GC invocations=44 (full 0):
 garbage-first heap   total 121856K, used 93251K [0x0000000080000000, 0x0000000100000000)
  region size 1024K, 32 young (32768K), 3 survivors (3072K)
 Metaspace       used 72475K, committed 73024K, reserved 1114112K
  class space    used 9743K, committed 9984K, reserved 1048576K
}
Event: 19.286 GC heap after
{Heap after GC invocations=45 (full 0):
 garbage-first heap   total 121856K, used 65731K [0x0000000080000000, 0x0000000100000000)
  region size 1024K, 4 young (4096K), 4 survivors (4096K)
 Metaspace       used 72475K, committed 73024K, reserved 1114112K
  class space    used 9743K, committed 9984K, reserved 1048576K
}
Event: 19.295 GC heap before
{Heap before GC invocations=45 (full 0):
 garbage-first heap   total 121856K, used 66755K [0x0000000080000000, 0x0000000100000000)
  region size 1024K, 5 young (5120K), 4 survivors (4096K)
 Metaspace       used 72477K, committed 73024K, reserved 1114112K
  class space    used 9743K, committed 9984K, reserved 1048576K
}
Event: 19.304 GC heap after
{Heap after GC invocations=46 (full 0):
 garbage-first heap   total 121856K, used 65357K [0x0000000080000000, 0x0000000100000000)
  region size 1024K, 1 young (1024K), 1 survivors (1024K)
 Metaspace       used 72477K, committed 73024K, reserved 1114112K
  class space    used 9743K, committed 9984K, reserved 1048576K
}
Event: 20.660 GC heap before
{Heap before GC invocations=46 (full 0):
 garbage-first heap   total 121856K, used 95053K [0x0000000080000000, 0x0000000100000000)
  region size 1024K, 30 young (30720K), 1 survivors (1024K)
 Metaspace       used 74164K, committed 74752K, reserved 1114112K
  class space    used 9981K, committed 10240K, reserved 1048576K
}
Event: 20.666 GC heap after
{Heap after GC invocations=47 (full 0):
 garbage-first heap   total 249856K, used 66808K [0x0000000080000000, 0x0000000100000000)
  region size 1024K, 2 young (2048K), 2 survivors (2048K)
 Metaspace       used 74164K, committed 74752K, reserved 1114112K
  class space    used 9981K, committed 10240K, reserved 1048576K
}
Event: 23.693 GC heap before
{Heap before GC invocations=48 (full 0):
 garbage-first heap   total 242688K, used 177400K [0x0000000080000000, 0x0000000100000000)
  region size 1024K, 109 young (111616K), 2 survivors (2048K)
 Metaspace       used 82277K, committed 82880K, reserved 1179648K
  class space    used 11307K, committed 11584K, reserved 1048576K
}
Event: 23.705 GC heap after
{Heap after GC invocations=49 (full 0):
 garbage-first heap   total 242688K, used 71336K [0x0000000080000000, 0x0000000100000000)
  region size 1024K, 7 young (7168K), 7 survivors (7168K)
 Metaspace       used 82277K, committed 82880K, reserved 1179648K
  class space    used 11307K, committed 11584K, reserved 1048576K
}
Event: 23.800 GC heap before
{Heap before GC invocations=49 (full 0):
 garbage-first heap   total 242688K, used 74408K [0x0000000080000000, 0x0000000100000000)
  region size 1024K, 11 young (11264K), 7 survivors (7168K)
 Metaspace       used 82551K, committed 83200K, reserved 1179648K
  class space    used 11351K, committed 11648K, reserved 1048576K
}
Event: 23.809 GC heap after
{Heap after GC invocations=50 (full 0):
 garbage-first heap   total 242688K, used 72158K [0x0000000080000000, 0x0000000100000000)
  region size 1024K, 1 young (1024K), 1 survivors (1024K)
 Metaspace       used 82551K, committed 83200K, reserved 1179648K
  class space    used 11351K, committed 11648K, reserved 1048576K
}
Event: 27.268 GC heap before
{Heap before GC invocations=50 (full 0):
 garbage-first heap   total 242688K, used 194014K [0x0000000080000000, 0x0000000100000000)
  region size 1024K, 120 young (122880K), 1 survivors (1024K)
 Metaspace       used 90926K, committed 91584K, reserved 1179648K
  class space    used 12628K, committed 12928K, reserved 1048576K
}
Event: 27.283 GC heap after
{Heap after GC invocations=51 (full 0):
 garbage-first heap   total 242688K, used 78870K [0x0000000080000000, 0x0000000100000000)
  region size 1024K, 8 young (8192K), 8 survivors (8192K)
 Metaspace       used 90926K, committed 91584K, reserved 1179648K
  class space    used 12628K, committed 12928K, reserved 1048576K
}
Event: 30.675 GC heap before
{Heap before GC invocations=51 (full 0):
 garbage-first heap   total 242688K, used 197654K [0x0000000080000000, 0x0000000100000000)
  region size 1024K, 120 young (122880K), 8 survivors (8192K)
 Metaspace       used 96238K, committed 96960K, reserved 1179648K
  class space    used 13247K, committed 13568K, reserved 1048576K
}
Event: 30.703 GC heap after
{Heap after GC invocations=52 (full 0):
 garbage-first heap   total 242688K, used 86558K [0x0000000080000000, 0x0000000100000000)
  region size 1024K, 15 young (15360K), 15 survivors (15360K)
 Metaspace       used 96238K, committed 96960K, reserved 1179648K
  class space    used 13247K, committed 13568K, reserved 1048576K
}

