# JRE version: OpenJDK Runtime Environment (17.0.11) (build 17.0.11+0--11852314)
# Java VM: OpenJDK 64-Bit Server VM (17.0.11+0--11852314, mixed mode, tiered, compressed oops, compressed class ptrs, g1 gc, windows-amd64)
GC Precious Log:
 CPUs: 4 total, 4 available
 Memory: 4094M
 Large Page Support: Disabled
 NUMA Support: Disabled
 Compressed Oops: Enabled (32-bit)
 Heap Region Size: 1M
 Heap Min Capacity: 8M
 Heap Initial Capacity: 64M
 Heap Max Capacity: 2G
 Pre-touch: Disabled
 Parallel Workers: 4
 Concurrent Workers: 1
 Concurrent Refinement Workers: 4
 Periodic GC: Disabled
Heap:
 garbage-first heap   total 107520K, used 83076K [0x0000000080000000, 0x0000000100000000)
  region size 1024K, 2 young (2048K), 2 survivors (2048K)
 Metaspace       used 91479K, committed 92224K, reserved 1179648K
  class space    used 12657K, committed 12992K, reserved 1048576K
GC Heap History (20 events):
Event: 32.864 GC heap after
{Heap after GC invocations=50 (full 0):
 garbage-first heap   total 107520K, used 73766K [0x0000000080000000, 0x0000000100000000)
  region size 1024K, 3 young (3072K), 3 survivors (3072K)
 Metaspace       used 83872K, committed 84544K, reserved 1179648K
  class space    used 11550K, committed 11840K, reserved 1048576K
}
Event: 33.693 GC heap before
{Heap before GC invocations=50 (full 0):
 garbage-first heap   total 107520K, used 92198K [0x0000000080000000, 0x0000000100000000)
  region size 1024K, 21 young (21504K), 3 survivors (3072K)
 Metaspace       used 85335K, committed 86016K, reserved 1179648K
  class space    used 11800K, committed 12160K, reserved 1048576K
}
Event: 33.699 GC heap after
{Heap after GC invocations=51 (full 0):
 garbage-first heap   total 107520K, used 74642K [0x0000000080000000, 0x0000000100000000)
  region size 1024K, 2 young (2048K), 2 survivors (2048K)
 Metaspace       used 85335K, committed 86016K, reserved 1179648K
  class space    used 11800K, committed 12160K, reserved 1048576K
}
Event: 34.553 GC heap before
{Heap before GC invocations=51 (full 0):
 garbage-first heap   total 107520K, used 92050K [0x0000000080000000, 0x0000000100000000)
  region size 1024K, 19 young (19456K), 2 survivors (2048K)
 Metaspace       used 87438K, committed 88064K, reserved 1179648K
  class space    used 12060K, committed 12352K, reserved 1048576K
}
Event: 34.559 GC heap after
{Heap after GC invocations=52 (full 0):
 garbage-first heap   total 107520K, used 75656K [0x0000000080000000, 0x0000000100000000)
  region size 1024K, 3 young (3072K), 3 survivors (3072K)
 Metaspace       used 87438K, committed 88064K, reserved 1179648K
  class space    used 12060K, committed 12352K, reserved 1048576K
}
Event: 35.027 GC heap before
{Heap before GC invocations=52 (full 0):
 garbage-first heap   total 107520K, used 91016K [0x0000000080000000, 0x0000000100000000)
  region size 1024K, 19 young (19456K), 3 survivors (3072K)
 Metaspace       used 88330K, committed 88960K, reserved 1179648K
  class space    used 12187K, committed 12480K, reserved 1048576K
}
Event: 35.034 GC heap after
{Heap after GC invocations=53 (full 0):
 garbage-first heap   total 107520K, used 77116K [0x0000000080000000, 0x0000000100000000)
  region size 1024K, 3 young (3072K), 3 survivors (3072K)
 Metaspace       used 88330K, committed 88960K, reserved 1179648K
  class space    used 12187K, committed 12480K, reserved 1048576K
}
Event: 35.599 GC heap before
{Heap before GC invocations=53 (full 0):
 garbage-first heap   total 107520K, used 92476K [0x0000000080000000, 0x0000000100000000)
  region size 1024K, 18 young (18432K), 3 survivors (3072K)
 Metaspace       used 89620K, committed 90304K, reserved 1179648K
  class space    used 12412K, committed 12736K, reserved 1048576K
}
Event: 35.607 GC heap after
{Heap after GC invocations=54 (full 0):
 garbage-first heap   total 107520K, used 78211K [0x0000000080000000, 0x0000000100000000)
  region size 1024K, 3 young (3072K), 3 survivors (3072K)
 Metaspace       used 89620K, committed 90304K, reserved 1179648K
  class space    used 12412K, committed 12736K, reserved 1048576K
}
Event: 36.426 GC heap before
{Heap before GC invocations=54 (full 0):
 garbage-first heap   total 107520K, used 92547K [0x0000000080000000, 0x0000000100000000)
  region size 1024K, 17 young (17408K), 3 survivors (3072K)
 Metaspace       used 90764K, committed 91392K, reserved 1179648K
  class space    used 12597K, committed 12864K, reserved 1048576K
}
Event: 36.434 GC heap after
{Heap after GC invocations=55 (full 0):
 garbage-first heap   total 107520K, used 79973K [0x0000000080000000, 0x0000000100000000)
  region size 1024K, 3 young (3072K), 3 survivors (3072K)
 Metaspace       used 90764K, committed 91392K, reserved 1179648K
  class space    used 12597K, committed 12864K, reserved 1048576K
}
Event: 36.865 GC heap before
{Heap before GC invocations=55 (full 0):
 garbage-first heap   total 107520K, used 90213K [0x0000000080000000, 0x0000000100000000)
  region size 1024K, 14 young (14336K), 3 survivors (3072K)
 Metaspace       used 90932K, committed 91584K, reserved 1179648K
  class space    used 12617K, committed 12928K, reserved 1048576K
}
Event: 36.872 GC heap after
{Heap after GC invocations=56 (full 0):
 garbage-first heap   total 107520K, used 81018K [0x0000000080000000, 0x0000000100000000)
  region size 1024K, 1 young (1024K), 1 survivors (1024K)
 Metaspace       used 90932K, committed 91584K, reserved 1179648K
  class space    used 12617K, committed 12928K, reserved 1048576K
}
Event: 37.384 GC heap before
{Heap before GC invocations=56 (full 0):
 garbage-first heap   total 107520K, used 91258K [0x0000000080000000, 0x0000000100000000)
  region size 1024K, 12 young (12288K), 1 survivors (1024K)
 Metaspace       used 90974K, committed 91648K, reserved 1179648K
  class space    used 12619K, committed 12928K, reserved 1048576K
}
Event: 37.388 GC heap after
{Heap after GC invocations=57 (full 0):
 garbage-first heap   total 107520K, used 81276K [0x0000000080000000, 0x0000000100000000)
  region size 1024K, 2 young (2048K), 2 survivors (2048K)
 Metaspace       used 90974K, committed 91648K, reserved 1179648K
  class space    used 12619K, committed 12928K, reserved 1048576K
}
Event: 37.809 GC heap before
{Heap before GC invocations=57 (full 0):
 garbage-first heap   total 107520K, used 91516K [0x0000000080000000, 0x0000000100000000)
  region size 1024K, 12 young (12288K), 2 survivors (2048K)
 Metaspace       used 91061K, committed 91712K, reserved 1179648K
  class space    used 12619K, committed 12928K, reserved 1048576K
}
Event: 37.812 GC heap after
{Heap after GC invocations=58 (full 0):
 garbage-first heap   total 107520K, used 81747K [0x0000000080000000, 0x0000000100000000)
  region size 1024K, 1 young (1024K), 1 survivors (1024K)
 Metaspace       used 91061K, committed 91712K, reserved 1179648K
  class space    used 12619K, committed 12928K, reserved 1048576K
}
Event: 38.161 GC heap before
{Heap before GC invocations=58 (full 0):
 garbage-first heap   total 107520K, used 91987K [0x0000000080000000, 0x0000000100000000)
  region size 1024K, 12 young (12288K), 1 survivors (1024K)
 Metaspace       used 91234K, committed 91968K, reserved 1179648K
  class space    used 12630K, committed 12928K, reserved 1048576K
}
Event: 38.165 GC heap after
{Heap after GC invocations=59 (full 0):
 garbage-first heap   total 107520K, used 82594K [0x0000000080000000, 0x0000000100000000)
  region size 1024K, 2 young (2048K), 2 survivors (2048K)
 Metaspace       used 91234K, committed 91968K, reserved 1179648K
  class space    used 12630K, committed 12928K, reserved 1048576K
}
Event: 38.604 GC heap before
{Heap before GC invocations=59 (full 0):
 garbage-first heap   total 107520K, used 91810K [0x0000000080000000, 0x0000000100000000)
  region size 1024K, 12 young (12288K), 2 survivors (2048K)
 Metaspace       used 91479K, committed 92224K, reserved 1179648K
  class space    used 12657K, committed 12992K, reserved 1048576K
}

