# JRE version: OpenJDK Runtime Environment (17.0.11) (build 17.0.11+0--11852314)
# Java VM: OpenJDK 64-Bit Server VM (17.0.11+0--11852314, mixed mode, tiered, compressed oops, compressed class ptrs, g1 gc, windows-amd64)
GC Precious Log:
 CPUs: 4 total, 4 available
 Memory: 4094M
 Large Page Support: Disabled
 NUMA Support: Disabled
 Compressed Oops: Enabled (32-bit)
 Heap Region Size: 1M
 Heap Min Capacity: 8M
 Heap Initial Capacity: 64M
 Heap Max Capacity: 2G
 Pre-touch: Disabled
 Parallel Workers: 4
 Concurrent Workers: 1
 Concurrent Refinement Workers: 4
 Periodic GC: Disabled
Heap:
 garbage-first heap   total 242688K, used 115129K [0x0000000080000000, 0x0000000100000000)
  region size 1024K, 43 young (44032K), 13 survivors (13312K)
 Metaspace       used 100200K, committed 100928K, reserved 1179648K
  class space    used 13721K, committed 14080K, reserved 1048576K
GC Heap History (20 events):
Event: 14.958 GC heap before
{Heap before GC invocations=31 (full 0):
 garbage-first heap   total 113664K, used 62956K [0x0000000080000000, 0x0000000100000000)
  region size 1024K, 6 young (6144K), 5 survivors (5120K)
 Metaspace       used 68090K, committed 68672K, reserved 1114112K
  class space    used 9158K, committed 9408K, reserved 1048576K
}
Event: 14.968 GC heap after
{Heap after GC invocations=32 (full 0):
 garbage-first heap   total 113664K, used 62243K [0x0000000080000000, 0x0000000100000000)
  region size 1024K, 1 young (1024K), 1 survivors (1024K)
 Metaspace       used 68090K, committed 68672K, reserved 1114112K
  class space    used 9158K, committed 9408K, reserved 1048576K
}
Event: 15.067 GC heap before
{Heap before GC invocations=32 (full 0):
 garbage-first heap   total 113664K, used 67363K [0x0000000080000000, 0x0000000100000000)
  region size 1024K, 7 young (7168K), 1 survivors (1024K)
 Metaspace       used 68098K, committed 68672K, reserved 1114112K
  class space    used 9159K, committed 9408K, reserved 1048576K
}
Event: 15.070 GC heap after
{Heap after GC invocations=33 (full 0):
 garbage-first heap   total 113664K, used 63762K [0x0000000080000000, 0x0000000100000000)
  region size 1024K, 3 young (3072K), 3 survivors (3072K)
 Metaspace       used 68098K, committed 68672K, reserved 1114112K
  class space    used 9159K, committed 9408K, reserved 1048576K
}
Event: 15.476 GC heap before
{Heap before GC invocations=34 (full 0):
 garbage-first heap   total 116736K, used 82194K [0x0000000080000000, 0x0000000100000000)
  region size 1024K, 22 young (22528K), 3 survivors (3072K)
 Metaspace       used 69585K, committed 70208K, reserved 1114112K
  class space    used 9361K, committed 9664K, reserved 1048576K
}
Event: 15.479 GC heap after
{Heap after GC invocations=35 (full 0):
 garbage-first heap   total 116736K, used 62481K [0x0000000080000000, 0x0000000100000000)
  region size 1024K, 2 young (2048K), 2 survivors (2048K)
 Metaspace       used 69585K, committed 70208K, reserved 1114112K
  class space    used 9361K, committed 9664K, reserved 1048576K
}
Event: 15.922 GC heap before
{Heap before GC invocations=35 (full 0):
 garbage-first heap   total 116736K, used 87057K [0x0000000080000000, 0x0000000100000000)
  region size 1024K, 26 young (26624K), 2 survivors (2048K)
 Metaspace       used 71324K, committed 71936K, reserved 1114112K
  class space    used 9596K, committed 9856K, reserved 1048576K
}
Event: 15.925 GC heap after
{Heap after GC invocations=36 (full 0):
 garbage-first heap   total 116736K, used 63595K [0x0000000080000000, 0x0000000100000000)
  region size 1024K, 3 young (3072K), 3 survivors (3072K)
 Metaspace       used 71324K, committed 71936K, reserved 1114112K
  class space    used 9596K, committed 9856K, reserved 1048576K
}
Event: 16.323 GC heap before
{Heap before GC invocations=37 (full 0):
 garbage-first heap   total 117760K, used 87147K [0x0000000080000000, 0x0000000100000000)
  region size 1024K, 28 young (28672K), 3 survivors (3072K)
 Metaspace       used 72362K, committed 72896K, reserved 1114112K
  class space    used 9743K, committed 9984K, reserved 1048576K
}
Event: 16.329 GC heap after
{Heap after GC invocations=38 (full 0):
 garbage-first heap   total 117760K, used 64326K [0x0000000080000000, 0x0000000100000000)
  region size 1024K, 4 young (4096K), 4 survivors (4096K)
 Metaspace       used 72362K, committed 72896K, reserved 1114112K
  class space    used 9743K, committed 9984K, reserved 1048576K
}
Event: 16.618 GC heap before
{Heap before GC invocations=38 (full 0):
 garbage-first heap   total 117760K, used 90950K [0x0000000080000000, 0x0000000100000000)
  region size 1024K, 30 young (30720K), 4 survivors (4096K)
 Metaspace       used 72576K, committed 73152K, reserved 1114112K
  class space    used 9764K, committed 10048K, reserved 1048576K
}
Event: 16.627 GC heap after
{Heap after GC invocations=39 (full 0):
 garbage-first heap   total 270336K, used 66477K [0x0000000080000000, 0x0000000100000000)
  region size 1024K, 4 young (4096K), 4 survivors (4096K)
 Metaspace       used 72576K, committed 73152K, reserved 1114112K
  class space    used 9764K, committed 10048K, reserved 1048576K
}
Event: 19.759 GC heap before
{Heap before GC invocations=40 (full 0):
 garbage-first heap   total 242688K, used 197549K [0x0000000080000000, 0x0000000100000000)
  region size 1024K, 131 young (134144K), 4 survivors (4096K)
 Metaspace       used 82219K, committed 82816K, reserved 1179648K
  class space    used 11311K, committed 11584K, reserved 1048576K
}
Event: 19.773 GC heap after
{Heap after GC invocations=41 (full 0):
 garbage-first heap   total 242688K, used 71855K [0x0000000080000000, 0x0000000100000000)
  region size 1024K, 10 young (10240K), 10 survivors (10240K)
 Metaspace       used 82219K, committed 82816K, reserved 1179648K
  class space    used 11311K, committed 11584K, reserved 1048576K
}
Event: 19.798 GC heap before
{Heap before GC invocations=41 (full 0):
 garbage-first heap   total 242688K, used 71855K [0x0000000080000000, 0x0000000100000000)
  region size 1024K, 11 young (11264K), 10 survivors (10240K)
 Metaspace       used 82297K, committed 82880K, reserved 1179648K
  class space    used 11325K, committed 11584K, reserved 1048576K
}
Event: 19.810 GC heap after
{Heap after GC invocations=42 (full 0):
 garbage-first heap   total 242688K, used 72500K [0x0000000080000000, 0x0000000100000000)
  region size 1024K, 2 young (2048K), 2 survivors (2048K)
 Metaspace       used 82297K, committed 82880K, reserved 1179648K
  class space    used 11325K, committed 11584K, reserved 1048576K
}
Event: 22.805 GC heap before
{Heap before GC invocations=42 (full 0):
 garbage-first heap   total 242688K, used 192308K [0x0000000080000000, 0x0000000100000000)
  region size 1024K, 119 young (121856K), 2 survivors (2048K)
 Metaspace       used 90817K, committed 91520K, reserved 1179648K
  class space    used 12624K, committed 12928K, reserved 1048576K
}
Event: 22.819 GC heap after
{Heap after GC invocations=43 (full 0):
 garbage-first heap   total 242688K, used 78845K [0x0000000080000000, 0x0000000100000000)
  region size 1024K, 8 young (8192K), 8 survivors (8192K)
 Metaspace       used 90817K, committed 91520K, reserved 1179648K
  class space    used 12624K, committed 12928K, reserved 1048576K
}
Event: 25.523 GC heap before
{Heap before GC invocations=43 (full 0):
 garbage-first heap   total 242688K, used 197629K [0x0000000080000000, 0x0000000100000000)
  region size 1024K, 120 young (122880K), 8 survivors (8192K)
 Metaspace       used 98431K, committed 99200K, reserved 1179648K
  class space    used 13517K, committed 13888K, reserved 1048576K
}
Event: 25.541 GC heap after
{Heap after GC invocations=44 (full 0):
 garbage-first heap   total 242688K, used 84409K [0x0000000080000000, 0x0000000100000000)
  region size 1024K, 13 young (13312K), 13 survivors (13312K)
 Metaspace       used 98431K, committed 99200K, reserved 1179648K
  class space    used 13517K, committed 13888K, reserved 1048576K
}

