# JRE version: OpenJDK Runtime Environment (17.0.11) (build 17.0.11+0--11852314)
# Java VM: OpenJDK 64-Bit Server VM (17.0.11+0--11852314, mixed mode, tiered, compressed oops, compressed class ptrs, g1 gc, windows-amd64)
GC Precious Log:
 CPUs: 4 total, 4 available
 Memory: 4094M
 Large Page Support: Disabled
 NUMA Support: Disabled
 Compressed Oops: Enabled (32-bit)
 Heap Region Size: 1M
 Heap Min Capacity: 8M
 Heap Initial Capacity: 64M
 Heap Max Capacity: 2G
 Pre-touch: Disabled
 Parallel Workers: 4
 Concurrent Workers: 1
 Concurrent Refinement Workers: 4
 Periodic GC: Disabled
Heap:
 garbage-first heap   total 467968K, used 146183K [0x0000000080000000, 0x0000000100000000)
  region size 1024K, 9 young (9216K), 9 survivors (9216K)
 Metaspace       used 111657K, committed 112704K, reserved 1179648K
  class space    used 14825K, committed 15360K, reserved 1048576K
GC Heap History (20 events):
Event: 1279.084 GC heap after
{Heap after GC invocations=60 (full 0):
 garbage-first heap   total 427008K, used 110451K [0x0000000080000000, 0x0000000100000000)
  region size 1024K, 3 young (3072K), 3 survivors (3072K)
 Metaspace       used 110309K, committed 111232K, reserved 1179648K
  class space    used 14769K, committed 15232K, reserved 1048576K
}
Event: 1279.321 GC heap before
{Heap before GC invocations=60 (full 0):
 garbage-first heap   total 427008K, used 117619K [0x0000000080000000, 0x0000000100000000)
  region size 1024K, 12 young (12288K), 3 survivors (3072K)
 Metaspace       used 110331K, committed 111232K, reserved 1179648K
  class space    used 14769K, committed 15232K, reserved 1048576K
}
Event: 1279.336 GC heap after
{Heap after GC invocations=61 (full 0):
 garbage-first heap   total 427008K, used 110769K [0x0000000080000000, 0x0000000100000000)
  region size 1024K, 4 young (4096K), 4 survivors (4096K)
 Metaspace       used 110331K, committed 111232K, reserved 1179648K
  class space    used 14769K, committed 15232K, reserved 1048576K
}
Event: 1368.231 GC heap before
{Heap before GC invocations=62 (full 0):
 garbage-first heap   total 427008K, used 330929K [0x0000000080000000, 0x0000000100000000)
  region size 1024K, 191 young (195584K), 4 survivors (4096K)
 Metaspace       used 110848K, committed 111872K, reserved 1179648K
  class space    used 14801K, committed 15296K, reserved 1048576K
}
Event: 1368.335 GC heap after
{Heap after GC invocations=63 (full 0):
 garbage-first heap   total 427008K, used 131836K [0x0000000080000000, 0x0000000100000000)
  region size 1024K, 24 young (24576K), 24 survivors (24576K)
 Metaspace       used 110848K, committed 111872K, reserved 1179648K
  class space    used 14801K, committed 15296K, reserved 1048576K
}
Event: 1368.344 GC heap before
{Heap before GC invocations=63 (full 0):
 garbage-first heap   total 427008K, used 132860K [0x0000000080000000, 0x0000000100000000)
  region size 1024K, 25 young (25600K), 24 survivors (24576K)
 Metaspace       used 110848K, committed 111872K, reserved 1179648K
  class space    used 14801K, committed 15296K, reserved 1048576K
}
Event: 1368.388 GC heap after
{Heap after GC invocations=64 (full 0):
 garbage-first heap   total 427008K, used 129358K [0x0000000080000000, 0x0000000100000000)
  region size 1024K, 2 young (2048K), 2 survivors (2048K)
 Metaspace       used 110848K, committed 111872K, reserved 1179648K
  class space    used 14801K, committed 15296K, reserved 1048576K
}
Event: 1368.482 GC heap before
{Heap before GC invocations=64 (full 0):
 garbage-first heap   total 427008K, used 140622K [0x0000000080000000, 0x0000000100000000)
  region size 1024K, 14 young (14336K), 2 survivors (2048K)
 Metaspace       used 110851K, committed 111872K, reserved 1179648K
  class space    used 14801K, committed 15296K, reserved 1048576K
}
Event: 1368.496 GC heap after
{Heap after GC invocations=65 (full 0):
 garbage-first heap   total 427008K, used 136765K [0x0000000080000000, 0x0000000100000000)
  region size 1024K, 10 young (10240K), 10 survivors (10240K)
 Metaspace       used 110851K, committed 111872K, reserved 1179648K
  class space    used 14801K, committed 15296K, reserved 1048576K
}
Event: 1531.849 GC heap before
{Heap before GC invocations=66 (full 0):
 garbage-first heap   total 427008K, used 364093K [0x0000000080000000, 0x0000000100000000)
  region size 1024K, 186 young (190464K), 10 survivors (10240K)
 Metaspace       used 111317K, committed 112320K, reserved 1179648K
  class space    used 14823K, committed 15296K, reserved 1048576K
}
Event: 1531.870 GC heap after
{Heap after GC invocations=67 (full 0):
 garbage-first heap   total 427008K, used 139598K [0x0000000080000000, 0x0000000100000000)
  region size 1024K, 12 young (12288K), 12 survivors (12288K)
 Metaspace       used 111317K, committed 112320K, reserved 1179648K
  class space    used 14823K, committed 15296K, reserved 1048576K
}
Event: 1532.103 GC heap before
{Heap before GC invocations=67 (full 0):
 garbage-first heap   total 427008K, used 147790K [0x0000000080000000, 0x0000000100000000)
  region size 1024K, 20 young (20480K), 12 survivors (12288K)
 Metaspace       used 111341K, committed 112448K, reserved 1179648K
  class space    used 14824K, committed 15360K, reserved 1048576K
}
Event: 1532.123 GC heap after
{Heap after GC invocations=68 (full 0):
 garbage-first heap   total 427008K, used 134395K [0x0000000080000000, 0x0000000100000000)
  region size 1024K, 2 young (2048K), 2 survivors (2048K)
 Metaspace       used 111341K, committed 112448K, reserved 1179648K
  class space    used 14824K, committed 15360K, reserved 1048576K
}
Event: 1534.330 GC heap before
{Heap before GC invocations=68 (full 0):
 garbage-first heap   total 427008K, used 178427K [0x0000000080000000, 0x0000000100000000)
  region size 1024K, 47 young (48128K), 2 survivors (2048K)
 Metaspace       used 111373K, committed 112448K, reserved 1179648K
  class space    used 14824K, committed 15360K, reserved 1048576K
}
Event: 1534.338 GC heap after
{Heap after GC invocations=69 (full 0):
 garbage-first heap   total 427008K, used 136443K [0x0000000080000000, 0x0000000100000000)
  region size 1024K, 4 young (4096K), 4 survivors (4096K)
 Metaspace       used 111373K, committed 112448K, reserved 1179648K
  class space    used 14824K, committed 15360K, reserved 1048576K
}
Event: 6377.967 GC heap before
{Heap before GC invocations=70 (full 0):
 garbage-first heap   total 427008K, used 335099K [0x0000000080000000, 0x0000000100000000)
  region size 1024K, 193 young (197632K), 4 survivors (4096K)
 Metaspace       used 111655K, committed 112704K, reserved 1179648K
  class space    used 14825K, committed 15360K, reserved 1048576K
}
Event: 6378.155 GC heap after
{Heap after GC invocations=71 (full 0):
 garbage-first heap   total 427008K, used 144956K [0x0000000080000000, 0x0000000100000000)
  region size 1024K, 25 young (25600K), 25 survivors (25600K)
 Metaspace       used 111655K, committed 112704K, reserved 1179648K
  class space    used 14825K, committed 15360K, reserved 1048576K
}
Event: 6378.173 GC heap before
{Heap before GC invocations=71 (full 0):
 garbage-first heap   total 427008K, used 145980K [0x0000000080000000, 0x0000000100000000)
  region size 1024K, 26 young (26624K), 25 survivors (25600K)
 Metaspace       used 111655K, committed 112704K, reserved 1179648K
  class space    used 14825K, committed 15360K, reserved 1048576K
}
Event: 6378.260 GC heap after
{Heap after GC invocations=72 (full 0):
 garbage-first heap   total 427008K, used 139021K [0x0000000080000000, 0x0000000100000000)
  region size 1024K, 2 young (2048K), 2 survivors (2048K)
 Metaspace       used 111655K, committed 112704K, reserved 1179648K
  class space    used 14825K, committed 15360K, reserved 1048576K
}
Event: 6378.626 GC heap before
{Heap before GC invocations=72 (full 0):
 garbage-first heap   total 427008K, used 169741K [0x0000000080000000, 0x0000000100000000)
  region size 1024K, 33 young (33792K), 2 survivors (2048K)
 Metaspace       used 111657K, committed 112704K, reserved 1179648K
  class space    used 14825K, committed 15360K, reserved 1048576K
}

