# JRE version: OpenJDK Runtime Environment (17.0.11) (build 17.0.11+0--11852314)
# Java VM: OpenJDK 64-Bit Server VM (17.0.11+0--11852314, mixed mode, tiered, compressed oops, compressed class ptrs, g1 gc, windows-amd64)
GC Precious Log:
 CPUs: 4 total, 4 available
 Memory: 4094M
 Large Page Support: Disabled
 NUMA Support: Disabled
 Compressed Oops: Enabled (32-bit)
 Heap Region Size: 1M
 Heap Min Capacity: 8M
 Heap Initial Capacity: 64M
 Heap Max Capacity: 2G
 Pre-touch: Disabled
 Parallel Workers: 4
 Concurrent Workers: 1
 Concurrent Refinement Workers: 4
 Periodic GC: Disabled
Heap:
 garbage-first heap   total 252928K, used 112430K [0x0000000080000000, 0x0000000100000000)
  region size 1024K, 7 young (7168K), 7 survivors (7168K)
 Metaspace       used 131059K, committed 132160K, reserved 1179648K
  class space    used 17926K, committed 18432K, reserved 1048576K
GC Heap History (20 events):
Event: 83.577 GC heap after
{Heap after GC invocations=49 (full 0):
 garbage-first heap   total 239616K, used 119808K [0x0000000080000000, 0x0000000100000000)
  region size 1024K, 13 young (13312K), 13 survivors (13312K)
 Metaspace       used 128154K, committed 129024K, reserved 1179648K
  class space    used 17826K, committed 18240K, reserved 1048576K
}
Event: 154.847 GC heap before
{Heap before GC invocations=50 (full 0):
 garbage-first heap   total 239616K, used 199680K [0x0000000080000000, 0x0000000100000000)
  region size 1024K, 83 young (84992K), 13 survivors (13312K)
 Metaspace       used 129090K, committed 129984K, reserved 1179648K
  class space    used 17855K, committed 18304K, reserved 1048576K
}
Event: 154.872 GC heap after
{Heap after GC invocations=51 (full 0):
 garbage-first heap   total 239616K, used 121013K [0x0000000080000000, 0x0000000100000000)
  region size 1024K, 8 young (8192K), 8 survivors (8192K)
 Metaspace       used 129090K, committed 129984K, reserved 1179648K
  class space    used 17855K, committed 18304K, reserved 1048576K
}
Event: 154.950 GC heap before
{Heap before GC invocations=51 (full 0):
 garbage-first heap   total 239616K, used 124085K [0x0000000080000000, 0x0000000100000000)
  region size 1024K, 11 young (11264K), 8 survivors (8192K)
 Metaspace       used 129159K, committed 130112K, reserved 1179648K
  class space    used 17856K, committed 18304K, reserved 1048576K
}
Event: 154.975 GC heap after
{Heap after GC invocations=52 (full 0):
 garbage-first heap   total 239616K, used 119531K [0x0000000080000000, 0x0000000100000000)
  region size 1024K, 2 young (2048K), 2 survivors (2048K)
 Metaspace       used 129159K, committed 130112K, reserved 1179648K
  class space    used 17856K, committed 18304K, reserved 1048576K
}
Event: 156.377 GC heap before
{Heap before GC invocations=52 (full 0):
 garbage-first heap   total 239616K, used 192235K [0x0000000080000000, 0x0000000100000000)
  region size 1024K, 72 young (73728K), 2 survivors (2048K)
 Metaspace       used 129402K, committed 130304K, reserved 1179648K
  class space    used 17860K, committed 18304K, reserved 1048576K
}
Event: 156.403 GC heap after
{Heap after GC invocations=53 (full 0):
 garbage-first heap   total 239616K, used 135296K [0x0000000080000000, 0x0000000100000000)
  region size 1024K, 9 young (9216K), 9 survivors (9216K)
 Metaspace       used 129402K, committed 130304K, reserved 1179648K
  class space    used 17860K, committed 18304K, reserved 1048576K
}
Event: 157.569 GC heap before
{Heap before GC invocations=53 (full 0):
 garbage-first heap   total 239616K, used 160896K [0x0000000080000000, 0x0000000100000000)
  region size 1024K, 36 young (36864K), 9 survivors (9216K)
 Metaspace       used 129811K, committed 130752K, reserved 1179648K
  class space    used 17876K, committed 18304K, reserved 1048576K
}
Event: 157.587 GC heap after
{Heap after GC invocations=54 (full 0):
 garbage-first heap   total 239616K, used 135065K [0x0000000080000000, 0x0000000100000000)
  region size 1024K, 2 young (2048K), 2 survivors (2048K)
 Metaspace       used 129811K, committed 130752K, reserved 1179648K
  class space    used 17876K, committed 18304K, reserved 1048576K
}
Event: 674.353 GC heap before
{Heap before GC invocations=55 (full 0):
 garbage-first heap   total 242688K, used 196505K [0x0000000080000000, 0x0000000100000000)
  region size 1024K, 57 young (58368K), 2 survivors (2048K)
 Metaspace       used 130124K, committed 131136K, reserved 1179648K
  class space    used 17888K, committed 18368K, reserved 1048576K
}
Event: 674.467 GC heap after
{Heap after GC invocations=56 (full 0):
 garbage-first heap   total 242688K, used 134086K [0x0000000080000000, 0x0000000100000000)
  region size 1024K, 8 young (8192K), 8 survivors (8192K)
 Metaspace       used 130124K, committed 131136K, reserved 1179648K
  class space    used 17888K, committed 18368K, reserved 1048576K
}
Event: 674.720 GC heap before
{Heap before GC invocations=56 (full 0):
 garbage-first heap   total 242688K, used 137158K [0x0000000080000000, 0x0000000100000000)
  region size 1024K, 11 young (11264K), 8 survivors (8192K)
 Metaspace       used 130125K, committed 131136K, reserved 1179648K
  class space    used 17888K, committed 18368K, reserved 1048576K
}
Event: 674.775 GC heap after
{Heap after GC invocations=57 (full 0):
 garbage-first heap   total 242688K, used 129063K [0x0000000080000000, 0x0000000100000000)
  region size 1024K, 2 young (2048K), 2 survivors (2048K)
 Metaspace       used 130125K, committed 131136K, reserved 1179648K
  class space    used 17888K, committed 18368K, reserved 1048576K
}
Event: 675.886 GC heap before
{Heap before GC invocations=57 (full 0):
 garbage-first heap   total 242688K, used 149543K [0x0000000080000000, 0x0000000100000000)
  region size 1024K, 24 young (24576K), 2 survivors (2048K)
 Metaspace       used 130273K, committed 131264K, reserved 1179648K
  class space    used 17910K, committed 18368K, reserved 1048576K
}
Event: 675.898 GC heap after
{Heap after GC invocations=58 (full 0):
 garbage-first heap   total 242688K, used 131841K [0x0000000080000000, 0x0000000100000000)
  region size 1024K, 4 young (4096K), 4 survivors (4096K)
 Metaspace       used 130273K, committed 131264K, reserved 1179648K
  class space    used 17910K, committed 18368K, reserved 1048576K
}
Event: 678.690 GC heap before
{Heap before GC invocations=59 (full 0):
 garbage-first heap   total 245760K, used 191233K [0x0000000080000000, 0x0000000100000000)
  region size 1024K, 66 young (67584K), 4 survivors (4096K)
 Metaspace       used 130620K, committed 131648K, reserved 1179648K
  class space    used 17917K, committed 18432K, reserved 1048576K
}
Event: 678.714 GC heap after
{Heap after GC invocations=60 (full 0):
 garbage-first heap   total 245760K, used 127019K [0x0000000080000000, 0x0000000100000000)
  region size 1024K, 4 young (4096K), 4 survivors (4096K)
 Metaspace       used 130620K, committed 131648K, reserved 1179648K
  class space    used 17917K, committed 18432K, reserved 1048576K
}
Event: 679.324 GC heap before
{Heap before GC invocations=60 (full 0):
 garbage-first heap   total 245760K, used 145451K [0x0000000080000000, 0x0000000100000000)
  region size 1024K, 12 young (12288K), 4 survivors (4096K)
 Metaspace       used 130786K, committed 131840K, reserved 1179648K
  class space    used 17925K, committed 18432K, reserved 1048576K
}
Event: 679.360 GC heap after
{Heap after GC invocations=61 (full 0):
 garbage-first heap   total 245760K, used 105950K [0x0000000080000000, 0x0000000100000000)
  region size 1024K, 1 young (1024K), 1 survivors (1024K)
 Metaspace       used 130786K, committed 131840K, reserved 1179648K
  class space    used 17925K, committed 18432K, reserved 1048576K
}
Event: 2283.477 GC heap before
{Heap before GC invocations=61 (full 0):
 garbage-first heap   total 245760K, used 197086K [0x0000000080000000, 0x0000000100000000)
  region size 1024K, 90 young (92160K), 1 survivors (1024K)
 Metaspace       used 131059K, committed 132160K, reserved 1179648K
  class space    used 17926K, committed 18432K, reserved 1048576K
}

