# JRE version: OpenJDK Runtime Environment (17.0.11) (build 17.0.11+0--11852314)
# Java VM: OpenJDK 64-Bit Server VM (17.0.11+0--11852314, mixed mode, tiered, compressed oops, compressed class ptrs, g1 gc, windows-amd64)
GC Precious Log:
 CPUs: 4 total, 4 available
 Memory: 4094M
 Large Page Support: Disabled
 NUMA Support: Disabled
 Compressed Oops: Enabled (32-bit)
 Heap Region Size: 1M
 Heap Min Capacity: 8M
 Heap Initial Capacity: 64M
 Heap Max Capacity: 2G
 Pre-touch: Disabled
 Parallel Workers: 4
 Concurrent Workers: 1
 Concurrent Refinement Workers: 4
 Periodic GC: Disabled
Heap:
 garbage-first heap   total 172032K, used 106530K [0x0000000080000000, 0x0000000100000000)
  region size 1024K, 21 young (21504K), 3 survivors (3072K)
 Metaspace       used 101177K, committed 101952K, reserved 1179648K
  class space    used 13889K, committed 14272K, reserved 1048576K
GC Heap History (20 events):
Event: 22.424 GC heap before
{Heap before GC invocations=35 (full 0):
 garbage-first heap   total 143360K, used 118728K [0x0000000080000000, 0x0000000100000000)
  region size 1024K, 51 young (52224K), 4 survivors (4096K)
 Metaspace       used 84318K, committed 84992K, reserved 1179648K
  class space    used 11615K, committed 11904K, reserved 1048576K
}
Event: 22.434 GC heap after
{Heap after GC invocations=36 (full 0):
 garbage-first heap   total 143360K, used 73090K [0x0000000080000000, 0x0000000100000000)
  region size 1024K, 7 young (7168K), 7 survivors (7168K)
 Metaspace       used 84318K, committed 84992K, reserved 1179648K
  class space    used 11615K, committed 11904K, reserved 1048576K
}
Event: 23.501 GC heap before
{Heap before GC invocations=37 (full 0):
 garbage-first heap   total 143360K, used 119170K [0x0000000080000000, 0x0000000100000000)
  region size 1024K, 52 young (53248K), 7 survivors (7168K)
 Metaspace       used 88183K, committed 88832K, reserved 1179648K
  class space    used 12194K, committed 12480K, reserved 1048576K
}
Event: 23.514 GC heap after
{Heap after GC invocations=38 (full 0):
 garbage-first heap   total 143360K, used 75758K [0x0000000080000000, 0x0000000100000000)
  region size 1024K, 6 young (6144K), 6 survivors (6144K)
 Metaspace       used 88183K, committed 88832K, reserved 1179648K
  class space    used 12194K, committed 12480K, reserved 1048576K
}
Event: 23.539 GC heap before
{Heap before GC invocations=38 (full 0):
 garbage-first heap   total 143360K, used 76782K [0x0000000080000000, 0x0000000100000000)
  region size 1024K, 7 young (7168K), 6 survivors (6144K)
 Metaspace       used 88229K, committed 88832K, reserved 1179648K
  class space    used 12198K, committed 12480K, reserved 1048576K
}
Event: 23.549 GC heap after
{Heap after GC invocations=39 (full 0):
 garbage-first heap   total 143360K, used 76440K [0x0000000080000000, 0x0000000100000000)
  region size 1024K, 1 young (1024K), 1 survivors (1024K)
 Metaspace       used 88229K, committed 88832K, reserved 1179648K
  class space    used 12198K, committed 12480K, reserved 1048576K
}
Event: 24.826 GC heap before
{Heap before GC invocations=39 (full 0):
 garbage-first heap   total 143360K, used 118424K [0x0000000080000000, 0x0000000100000000)
  region size 1024K, 43 young (44032K), 1 survivors (1024K)
 Metaspace       used 90791K, committed 91456K, reserved 1179648K
  class space    used 12633K, committed 12928K, reserved 1048576K
}
Event: 24.835 GC heap after
{Heap after GC invocations=40 (full 0):
 garbage-first heap   total 143360K, used 78970K [0x0000000080000000, 0x0000000100000000)
  region size 1024K, 4 young (4096K), 4 survivors (4096K)
 Metaspace       used 90791K, committed 91456K, reserved 1179648K
  class space    used 12633K, committed 12928K, reserved 1048576K
}
Event: 26.290 GC heap before
{Heap before GC invocations=41 (full 0):
 garbage-first heap   total 143360K, used 117882K [0x0000000080000000, 0x0000000100000000)
  region size 1024K, 43 young (44032K), 4 survivors (4096K)
 Metaspace       used 91307K, committed 91968K, reserved 1179648K
  class space    used 12672K, committed 12992K, reserved 1048576K
}
Event: 26.300 GC heap after
{Heap after GC invocations=42 (full 0):
 garbage-first heap   total 172032K, used 80970K [0x0000000080000000, 0x0000000100000000)
  region size 1024K, 3 young (3072K), 3 survivors (3072K)
 Metaspace       used 91307K, committed 91968K, reserved 1179648K
  class space    used 12672K, committed 12992K, reserved 1048576K
}
Event: 26.423 GC heap before
{Heap before GC invocations=42 (full 0):
 garbage-first heap   total 172032K, used 85066K [0x0000000080000000, 0x0000000100000000)
  region size 1024K, 8 young (8192K), 3 survivors (3072K)
 Metaspace       used 91338K, committed 92032K, reserved 1179648K
  class space    used 12673K, committed 12992K, reserved 1048576K
}
Event: 26.428 GC heap after
{Heap after GC invocations=43 (full 0):
 garbage-first heap   total 172032K, used 81253K [0x0000000080000000, 0x0000000100000000)
  region size 1024K, 1 young (1024K), 1 survivors (1024K)
 Metaspace       used 91338K, committed 92032K, reserved 1179648K
  class space    used 12673K, committed 12992K, reserved 1048576K
}
Event: 28.013 GC heap before
{Heap before GC invocations=43 (full 0):
 garbage-first heap   total 172032K, used 142693K [0x0000000080000000, 0x0000000100000000)
  region size 1024K, 61 young (62464K), 1 survivors (1024K)
 Metaspace       used 91836K, committed 92544K, reserved 1179648K
  class space    used 12724K, committed 13056K, reserved 1048576K
}
Event: 28.023 GC heap after
{Heap after GC invocations=44 (full 0):
 garbage-first heap   total 172032K, used 84232K [0x0000000080000000, 0x0000000100000000)
  region size 1024K, 4 young (4096K), 4 survivors (4096K)
 Metaspace       used 91836K, committed 92544K, reserved 1179648K
  class space    used 12724K, committed 13056K, reserved 1048576K
}
Event: 29.991 GC heap before
{Heap before GC invocations=45 (full 0):
 garbage-first heap   total 172032K, used 145672K [0x0000000080000000, 0x0000000100000000)
  region size 1024K, 60 young (61440K), 4 survivors (4096K)
 Metaspace       used 96713K, committed 97472K, reserved 1179648K
  class space    used 13311K, committed 13696K, reserved 1048576K
}
Event: 30.001 GC heap after
{Heap after GC invocations=46 (full 0):
 garbage-first heap   total 172032K, used 86592K [0x0000000080000000, 0x0000000100000000)
  region size 1024K, 6 young (6144K), 6 survivors (6144K)
 Metaspace       used 96713K, committed 97472K, reserved 1179648K
  class space    used 13311K, committed 13696K, reserved 1048576K
}
Event: 30.050 GC heap before
{Heap before GC invocations=46 (full 0):
 garbage-first heap   total 172032K, used 88640K [0x0000000080000000, 0x0000000100000000)
  region size 1024K, 8 young (8192K), 6 survivors (6144K)
 Metaspace       used 96777K, committed 97536K, reserved 1179648K
  class space    used 13319K, committed 13696K, reserved 1048576K
}
Event: 30.061 GC heap after
{Heap after GC invocations=47 (full 0):
 garbage-first heap   total 172032K, used 87130K [0x0000000080000000, 0x0000000100000000)
  region size 1024K, 1 young (1024K), 1 survivors (1024K)
 Metaspace       used 96777K, committed 97536K, reserved 1179648K
  class space    used 13319K, committed 13696K, reserved 1048576K
}
Event: 660.089 GC heap before
{Heap before GC invocations=47 (full 0):
 garbage-first heap   total 172032K, used 153690K [0x0000000080000000, 0x0000000100000000)
  region size 1024K, 56 young (57344K), 1 survivors (1024K)
 Metaspace       used 101020K, committed 101824K, reserved 1179648K
  class space    used 13885K, committed 14272K, reserved 1048576K
}
Event: 660.120 GC heap after
{Heap after GC invocations=48 (full 0):
 garbage-first heap   total 172032K, used 89122K [0x0000000080000000, 0x0000000100000000)
  region size 1024K, 3 young (3072K), 3 survivors (3072K)
 Metaspace       used 101020K, committed 101824K, reserved 1179648K
  class space    used 13885K, committed 14272K, reserved 1048576K
}

