# JRE version: OpenJDK Runtime Environment (17.0.11) (build 17.0.11+0--11852314)
# Java VM: OpenJDK 64-Bit Server VM (17.0.11+0--11852314, mixed mode, tiered, compressed oops, compressed class ptrs, g1 gc, windows-amd64)
GC Precious Log:
 CPUs: 4 total, 4 available
 Memory: 4094M
 Large Page Support: Disabled
 NUMA Support: Disabled
 Compressed Oops: Enabled (32-bit)
 Heap Region Size: 1M
 Heap Min Capacity: 8M
 Heap Initial Capacity: 64M
 Heap Max Capacity: 2G
 Pre-touch: Disabled
 Parallel Workers: 4
 Concurrent Workers: 1
 Concurrent Refinement Workers: 4
 Periodic GC: Disabled
Heap:
 garbage-first heap   total 273408K, used 106753K [0x0000000080000000, 0x0000000100000000)
  region size 1024K, 6 young (6144K), 6 survivors (6144K)
 Metaspace       used 134923K, committed 136192K, reserved 1179648K
  class space    used 18117K, committed 18688K, reserved 1048576K
GC Heap History (20 events):
Event: 3157.350 GC heap after
{Heap after GC invocations=80 (full 0):
 garbage-first heap   total 273408K, used 94411K [0x0000000080000000, 0x0000000100000000)
  region size 1024K, 2 young (2048K), 2 survivors (2048K)
 Metaspace       used 133514K, committed 134848K, reserved 1179648K
  class space    used 18112K, committed 18688K, reserved 1048576K
}
Event: 3276.144 GC heap before
{Heap before GC invocations=80 (full 0):
 garbage-first heap   total 273408K, used 207051K [0x0000000080000000, 0x0000000100000000)
  region size 1024K, 114 young (116736K), 2 survivors (2048K)
 Metaspace       used 133808K, committed 135104K, reserved 1179648K
  class space    used 18113K, committed 18688K, reserved 1048576K
}
Event: 3276.258 GC heap after
{Heap after GC invocations=81 (full 0):
 garbage-first heap   total 273408K, used 109568K [0x0000000080000000, 0x0000000100000000)
  region size 1024K, 16 young (16384K), 16 survivors (16384K)
 Metaspace       used 133808K, committed 135104K, reserved 1179648K
  class space    used 18113K, committed 18688K, reserved 1048576K
}
Event: 3355.170 GC heap before
{Heap before GC invocations=82 (full 0):
 garbage-first heap   total 273408K, used 229376K [0x0000000080000000, 0x0000000100000000)
  region size 1024K, 121 young (123904K), 16 survivors (16384K)
 Metaspace       used 134246K, committed 135488K, reserved 1179648K
  class space    used 18117K, committed 18688K, reserved 1048576K
}
Event: 3355.208 GC heap after
{Heap after GC invocations=83 (full 0):
 garbage-first heap   total 273408K, used 110094K [0x0000000080000000, 0x0000000100000000)
  region size 1024K, 8 young (8192K), 8 survivors (8192K)
 Metaspace       used 134246K, committed 135488K, reserved 1179648K
  class space    used 18117K, committed 18688K, reserved 1048576K
}
Event: 3355.284 GC heap before
{Heap before GC invocations=83 (full 0):
 garbage-first heap   total 273408K, used 115214K [0x0000000080000000, 0x0000000100000000)
  region size 1024K, 13 young (13312K), 8 survivors (8192K)
 Metaspace       used 134253K, committed 135552K, reserved 1179648K
  class space    used 18117K, committed 18688K, reserved 1048576K
}
Event: 3355.306 GC heap after
{Heap after GC invocations=84 (full 0):
 garbage-first heap   total 273408K, used 105743K [0x0000000080000000, 0x0000000100000000)
  region size 1024K, 2 young (2048K), 2 survivors (2048K)
 Metaspace       used 134253K, committed 135552K, reserved 1179648K
  class space    used 18117K, committed 18688K, reserved 1048576K
}
Event: 3355.922 GC heap before
{Heap before GC invocations=84 (full 0):
 garbage-first heap   total 273408K, used 124175K [0x0000000080000000, 0x0000000100000000)
  region size 1024K, 22 young (22528K), 2 survivors (2048K)
 Metaspace       used 134290K, committed 135552K, reserved 1179648K
  class space    used 18117K, committed 18688K, reserved 1048576K
}
Event: 3355.941 GC heap after
{Heap after GC invocations=85 (full 0):
 garbage-first heap   total 273408K, used 108669K [0x0000000080000000, 0x0000000100000000)
  region size 1024K, 5 young (5120K), 5 survivors (5120K)
 Metaspace       used 134290K, committed 135552K, reserved 1179648K
  class space    used 18117K, committed 18688K, reserved 1048576K
}
Event: 3625.072 GC heap before
{Heap before GC invocations=86 (full 0):
 garbage-first heap   total 273408K, used 228477K [0x0000000080000000, 0x0000000100000000)
  region size 1024K, 112 young (114688K), 5 survivors (5120K)
 Metaspace       used 134579K, committed 135808K, reserved 1179648K
  class space    used 18117K, committed 18688K, reserved 1048576K
}
Event: 3625.088 GC heap after
{Heap after GC invocations=87 (full 0):
 garbage-first heap   total 273408K, used 112718K [0x0000000080000000, 0x0000000100000000)
  region size 1024K, 9 young (9216K), 9 survivors (9216K)
 Metaspace       used 134579K, committed 135808K, reserved 1179648K
  class space    used 18117K, committed 18688K, reserved 1048576K
}
Event: 3625.249 GC heap before
{Heap before GC invocations=87 (full 0):
 garbage-first heap   total 273408K, used 115790K [0x0000000080000000, 0x0000000100000000)
  region size 1024K, 13 young (13312K), 9 survivors (9216K)
 Metaspace       used 134579K, committed 135808K, reserved 1179648K
  class space    used 18117K, committed 18688K, reserved 1048576K
}
Event: 3625.276 GC heap after
{Heap after GC invocations=88 (full 0):
 garbage-first heap   total 273408K, used 103604K [0x0000000080000000, 0x0000000100000000)
  region size 1024K, 2 young (2048K), 2 survivors (2048K)
 Metaspace       used 134579K, committed 135808K, reserved 1179648K
  class space    used 18117K, committed 18688K, reserved 1048576K
}
Event: 3625.745 GC heap before
{Heap before GC invocations=88 (full 0):
 garbage-first heap   total 273408K, used 126132K [0x0000000080000000, 0x0000000100000000)
  region size 1024K, 26 young (26624K), 2 survivors (2048K)
 Metaspace       used 134611K, committed 135808K, reserved 1179648K
  class space    used 18117K, committed 18688K, reserved 1048576K
}
Event: 3625.753 GC heap after
{Heap after GC invocations=89 (full 0):
 garbage-first heap   total 273408K, used 106634K [0x0000000080000000, 0x0000000100000000)
  region size 1024K, 5 young (5120K), 5 survivors (5120K)
 Metaspace       used 134611K, committed 135808K, reserved 1179648K
  class space    used 18117K, committed 18688K, reserved 1048576K
}
Event: 3966.285 GC heap before
{Heap before GC invocations=90 (full 0):
 garbage-first heap   total 273408K, used 225418K [0x0000000080000000, 0x0000000100000000)
  region size 1024K, 109 young (111616K), 5 survivors (5120K)
 Metaspace       used 134896K, committed 136192K, reserved 1179648K
  class space    used 18117K, committed 18688K, reserved 1048576K
}
Event: 3966.551 GC heap after
{Heap after GC invocations=91 (full 0):
 garbage-first heap   total 273408K, used 112446K [0x0000000080000000, 0x0000000100000000)
  region size 1024K, 9 young (9216K), 9 survivors (9216K)
 Metaspace       used 134896K, committed 136192K, reserved 1179648K
  class space    used 18117K, committed 18688K, reserved 1048576K
}
Event: 3966.948 GC heap before
{Heap before GC invocations=91 (full 0):
 garbage-first heap   total 273408K, used 116542K [0x0000000080000000, 0x0000000100000000)
  region size 1024K, 13 young (13312K), 9 survivors (9216K)
 Metaspace       used 134908K, committed 136192K, reserved 1179648K
  class space    used 18117K, committed 18688K, reserved 1048576K
}
Event: 3967.157 GC heap after
{Heap after GC invocations=92 (full 0):
 garbage-first heap   total 273408K, used 102760K [0x0000000080000000, 0x0000000100000000)
  region size 1024K, 2 young (2048K), 2 survivors (2048K)
 Metaspace       used 134908K, committed 136192K, reserved 1179648K
  class space    used 18117K, committed 18688K, reserved 1048576K
}
Event: 3968.570 GC heap before
{Heap before GC invocations=92 (full 0):
 garbage-first heap   total 273408K, used 129384K [0x0000000080000000, 0x0000000100000000)
  region size 1024K, 30 young (30720K), 2 survivors (2048K)
 Metaspace       used 134923K, committed 136192K, reserved 1179648K
  class space    used 18117K, committed 18688K, reserved 1048576K
}

