# JRE version: OpenJDK Runtime Environment (17.0.11) (build 17.0.11+0--11852314)
# Java VM: OpenJDK 64-Bit Server VM (17.0.11+0--11852314, mixed mode, tiered, compressed oops, compressed class ptrs, g1 gc, windows-amd64)
GC Precious Log:
 CPUs: 4 total, 4 available
 Memory: 4094M
 Large Page Support: Disabled
 NUMA Support: Disabled
 Compressed Oops: Enabled (32-bit)
 Heap Region Size: 1M
 Heap Min Capacity: 8M
 Heap Initial Capacity: 64M
 Heap Max Capacity: 2G
 Pre-touch: Disabled
 Parallel Workers: 4
 Concurrent Workers: 1
 Concurrent Refinement Workers: 4
 Periodic GC: Disabled
Heap:
 garbage-first heap   total 150528K, used 88141K [0x0000000080000000, 0x0000000100000000)
  region size 1024K, 5 young (5120K), 5 survivors (5120K)
 Metaspace       used 98608K, committed 99392K, reserved 1179648K
  class space    used 13523K, committed 13888K, reserved 1048576K
GC Heap History (20 events):
Event: 17.472 GC heap after
{Heap after GC invocations=37 (full 0):
 garbage-first heap   total 147456K, used 67209K [0x0000000080000000, 0x0000000100000000)
  region size 1024K, 5 young (5120K), 5 survivors (5120K)
 Metaspace       used 73632K, committed 74240K, reserved 1114112K
  class space    used 9901K, committed 10176K, reserved 1048576K
}
Event: 18.666 GC heap before
{Heap before GC invocations=38 (full 0):
 garbage-first heap   total 147456K, used 113289K [0x0000000080000000, 0x0000000100000000)
  region size 1024K, 49 young (50176K), 5 survivors (5120K)
 Metaspace       used 76697K, committed 77248K, reserved 1179648K
  class space    used 10424K, committed 10688K, reserved 1048576K
}
Event: 18.674 GC heap after
{Heap after GC invocations=39 (full 0):
 garbage-first heap   total 147456K, used 68488K [0x0000000080000000, 0x0000000100000000)
  region size 1024K, 4 young (4096K), 4 survivors (4096K)
 Metaspace       used 76697K, committed 77248K, reserved 1179648K
  class space    used 10424K, committed 10688K, reserved 1048576K
}
Event: 19.939 GC heap before
{Heap before GC invocations=39 (full 0):
 garbage-first heap   total 147456K, used 118664K [0x0000000080000000, 0x0000000100000000)
  region size 1024K, 53 young (54272K), 4 survivors (4096K)
 Metaspace       used 80483K, committed 81088K, reserved 1179648K
  class space    used 11051K, committed 11328K, reserved 1048576K
}
Event: 19.948 GC heap after
{Heap after GC invocations=40 (full 0):
 garbage-first heap   total 147456K, used 70638K [0x0000000080000000, 0x0000000100000000)
  region size 1024K, 6 young (6144K), 6 survivors (6144K)
 Metaspace       used 80483K, committed 81088K, reserved 1179648K
  class space    used 11051K, committed 11328K, reserved 1048576K
}
Event: 21.184 GC heap before
{Heap before GC invocations=40 (full 0):
 garbage-first heap   total 147456K, used 119790K [0x0000000080000000, 0x0000000100000000)
  region size 1024K, 54 young (55296K), 6 survivors (6144K)
 Metaspace       used 84294K, committed 84992K, reserved 1179648K
  class space    used 11618K, committed 11904K, reserved 1048576K
}
Event: 21.195 GC heap after
{Heap after GC invocations=41 (full 0):
 garbage-first heap   total 147456K, used 73546K [0x0000000080000000, 0x0000000100000000)
  region size 1024K, 7 young (7168K), 7 survivors (7168K)
 Metaspace       used 84294K, committed 84992K, reserved 1179648K
  class space    used 11618K, committed 11904K, reserved 1048576K
}
Event: 22.265 GC heap before
{Heap before GC invocations=41 (full 0):
 garbage-first heap   total 147456K, used 120650K [0x0000000080000000, 0x0000000100000000)
  region size 1024K, 53 young (54272K), 7 survivors (7168K)
 Metaspace       used 88286K, committed 88960K, reserved 1179648K
  class space    used 12194K, committed 12480K, reserved 1048576K
}
Event: 22.278 GC heap after
{Heap after GC invocations=42 (full 0):
 garbage-first heap   total 147456K, used 76639K [0x0000000080000000, 0x0000000100000000)
  region size 1024K, 6 young (6144K), 6 survivors (6144K)
 Metaspace       used 88286K, committed 88960K, reserved 1179648K
  class space    used 12194K, committed 12480K, reserved 1048576K
}
Event: 23.672 GC heap before
{Heap before GC invocations=43 (full 0):
 garbage-first heap   total 147456K, used 120671K [0x0000000080000000, 0x0000000100000000)
  region size 1024K, 50 young (51200K), 6 survivors (6144K)
 Metaspace       used 90816K, committed 91456K, reserved 1179648K
  class space    used 12620K, committed 12928K, reserved 1048576K
}
Event: 23.686 GC heap after
{Heap after GC invocations=44 (full 0):
 garbage-first heap   total 147456K, used 80291K [0x0000000080000000, 0x0000000100000000)
  region size 1024K, 7 young (7168K), 7 survivors (7168K)
 Metaspace       used 90816K, committed 91456K, reserved 1179648K
  class space    used 12620K, committed 12928K, reserved 1048576K
}
Event: 23.712 GC heap before
{Heap before GC invocations=44 (full 0):
 garbage-first heap   total 147456K, used 80291K [0x0000000080000000, 0x0000000100000000)
  region size 1024K, 8 young (8192K), 7 survivors (7168K)
 Metaspace       used 90820K, committed 91456K, reserved 1179648K
  class space    used 12620K, committed 12928K, reserved 1048576K
}
Event: 23.729 GC heap after
{Heap after GC invocations=45 (full 0):
 garbage-first heap   total 147456K, used 80382K [0x0000000080000000, 0x0000000100000000)
  region size 1024K, 1 young (1024K), 1 survivors (1024K)
 Metaspace       used 90820K, committed 91456K, reserved 1179648K
  class space    used 12620K, committed 12928K, reserved 1048576K
}
Event: 25.171 GC heap before
{Heap before GC invocations=45 (full 0):
 garbage-first heap   total 147456K, used 121342K [0x0000000080000000, 0x0000000100000000)
  region size 1024K, 42 young (43008K), 1 survivors (1024K)
 Metaspace       used 91473K, committed 92160K, reserved 1179648K
  class space    used 12669K, committed 12992K, reserved 1048576K
}
Event: 25.178 GC heap after
{Heap after GC invocations=46 (full 0):
 garbage-first heap   total 147456K, used 82054K [0x0000000080000000, 0x0000000100000000)
  region size 1024K, 3 young (3072K), 3 survivors (3072K)
 Metaspace       used 91473K, committed 92160K, reserved 1179648K
  class space    used 12669K, committed 12992K, reserved 1048576K
}
Event: 26.186 GC heap before
{Heap before GC invocations=47 (full 0):
 garbage-first heap   total 150528K, used 126086K [0x0000000080000000, 0x0000000100000000)
  region size 1024K, 42 young (43008K), 3 survivors (3072K)
 Metaspace       used 93165K, committed 93824K, reserved 1179648K
  class space    used 12815K, committed 13120K, reserved 1048576K
}
Event: 26.196 GC heap after
{Heap after GC invocations=48 (full 0):
 garbage-first heap   total 150528K, used 84141K [0x0000000080000000, 0x0000000100000000)
  region size 1024K, 5 young (5120K), 5 survivors (5120K)
 Metaspace       used 93165K, committed 93824K, reserved 1179648K
  class space    used 12815K, committed 13120K, reserved 1048576K
}
Event: 26.208 GC heap before
{Heap before GC invocations=48 (full 0):
 garbage-first heap   total 150528K, used 86189K [0x0000000080000000, 0x0000000100000000)
  region size 1024K, 7 young (7168K), 5 survivors (5120K)
 Metaspace       used 93172K, committed 93824K, reserved 1179648K
  class space    used 12817K, committed 13120K, reserved 1048576K
}
Event: 26.220 GC heap after
{Heap after GC invocations=49 (full 0):
 garbage-first heap   total 150528K, used 84614K [0x0000000080000000, 0x0000000100000000)
  region size 1024K, 1 young (1024K), 1 survivors (1024K)
 Metaspace       used 93172K, committed 93824K, reserved 1179648K
  class space    used 12817K, committed 13120K, reserved 1048576K
}
Event: 27.316 GC heap before
{Heap before GC invocations=49 (full 0):
 garbage-first heap   total 150528K, used 124550K [0x0000000080000000, 0x0000000100000000)
  region size 1024K, 41 young (41984K), 1 survivors (1024K)
 Metaspace       used 98608K, committed 99392K, reserved 1179648K
  class space    used 13523K, committed 13888K, reserved 1048576K
}

