# JRE version: OpenJDK Runtime Environment (17.0.11) (build 17.0.11+0--11852314)
# Java VM: OpenJDK 64-Bit Server VM (17.0.11+0--11852314, mixed mode, tiered, compressed oops, compressed class ptrs, g1 gc, windows-amd64)
GC Precious Log:
 CPUs: 4 total, 4 available
 Memory: 4094M
 Large Page Support: Disabled
 NUMA Support: Disabled
 Compressed Oops: Enabled (32-bit)
 Heap Region Size: 1M
 Heap Min Capacity: 8M
 Heap Initial Capacity: 64M
 Heap Max Capacity: 2G
 Pre-touch: Disabled
 Parallel Workers: 4
 Concurrent Workers: 1
 Concurrent Refinement Workers: 4
 Periodic GC: Disabled
Heap:
 garbage-first heap   total 206848K, used 105656K [0x0000000080000000, 0x0000000100000000)
  region size 1024K, 1 young (1024K), 1 survivors (1024K)
 Metaspace       used 117112K, committed 117952K, reserved 1179648K
  class space    used 16305K, committed 16704K, reserved 1048576K
GC Heap History (20 events):
Event: 21.994 GC heap after
{Heap after GC invocations=33 (full 0):
 garbage-first heap   total 142336K, used 69632K [0x0000000080000000, 0x0000000100000000)
  region size 1024K, 4 young (4096K), 4 survivors (4096K)
 Metaspace       used 78291K, committed 78848K, reserved 1179648K
  class space    used 10731K, committed 11008K, reserved 1048576K
}
Event: 23.157 GC heap before
{Heap before GC invocations=33 (full 0):
 garbage-first heap   total 142336K, used 115712K [0x0000000080000000, 0x0000000100000000)
  region size 1024K, 49 young (50176K), 4 survivors (4096K)
 Metaspace       used 81948K, committed 82496K, reserved 1179648K
  class space    used 11257K, committed 11520K, reserved 1048576K
}
Event: 23.170 GC heap after
{Heap after GC invocations=34 (full 0):
 garbage-first heap   total 142336K, used 72410K [0x0000000080000000, 0x0000000100000000)
  region size 1024K, 5 young (5120K), 5 survivors (5120K)
 Metaspace       used 81948K, committed 82496K, reserved 1179648K
  class space    used 11257K, committed 11520K, reserved 1048576K
}
Event: 24.183 GC heap before
{Heap before GC invocations=35 (full 0):
 garbage-first heap   total 142336K, used 116442K [0x0000000080000000, 0x0000000100000000)
  region size 1024K, 48 young (49152K), 5 survivors (5120K)
 Metaspace       used 85089K, committed 85760K, reserved 1179648K
  class space    used 11786K, committed 12160K, reserved 1048576K
}
Event: 24.194 GC heap after
{Heap after GC invocations=36 (full 0):
 garbage-first heap   total 142336K, used 73953K [0x0000000080000000, 0x0000000100000000)
  region size 1024K, 5 young (5120K), 5 survivors (5120K)
 Metaspace       used 85089K, committed 85760K, reserved 1179648K
  class space    used 11786K, committed 12160K, reserved 1048576K
}
Event: 24.222 GC heap before
{Heap before GC invocations=36 (full 0):
 garbage-first heap   total 142336K, used 74977K [0x0000000080000000, 0x0000000100000000)
  region size 1024K, 6 young (6144K), 5 survivors (5120K)
 Metaspace       used 85167K, committed 85824K, reserved 1179648K
  class space    used 11797K, committed 12160K, reserved 1048576K
}
Event: 24.240 GC heap after
{Heap after GC invocations=37 (full 0):
 garbage-first heap   total 198656K, used 74229K [0x0000000080000000, 0x0000000100000000)
  region size 1024K, 1 young (1024K), 1 survivors (1024K)
 Metaspace       used 85167K, committed 85824K, reserved 1179648K
  class space    used 11797K, committed 12160K, reserved 1048576K
}
Event: 27.183 GC heap before
{Heap before GC invocations=37 (full 0):
 garbage-first heap   total 198656K, used 164341K [0x0000000080000000, 0x0000000100000000)
  region size 1024K, 89 young (91136K), 1 survivors (1024K)
 Metaspace       used 90875K, committed 91584K, reserved 1179648K
  class space    used 12632K, committed 12992K, reserved 1048576K
}
Event: 27.197 GC heap after
{Heap after GC invocations=38 (full 0):
 garbage-first heap   total 198656K, used 80058K [0x0000000080000000, 0x0000000100000000)
  region size 1024K, 7 young (7168K), 7 survivors (7168K)
 Metaspace       used 90875K, committed 91584K, reserved 1179648K
  class space    used 12632K, committed 12992K, reserved 1048576K
}
Event: 29.564 GC heap before
{Heap before GC invocations=38 (full 0):
 garbage-first heap   total 198656K, used 160954K [0x0000000080000000, 0x0000000100000000)
  region size 1024K, 82 young (83968K), 7 survivors (7168K)
 Metaspace       used 93043K, committed 93760K, reserved 1179648K
  class space    used 12809K, committed 13184K, reserved 1048576K
}
Event: 29.590 GC heap after
{Heap after GC invocations=39 (full 0):
 garbage-first heap   total 198656K, used 84905K [0x0000000080000000, 0x0000000100000000)
  region size 1024K, 5 young (5120K), 5 survivors (5120K)
 Metaspace       used 93043K, committed 93760K, reserved 1179648K
  class space    used 12809K, committed 13184K, reserved 1048576K
}
Event: 31.606 GC heap before
{Heap before GC invocations=39 (full 0):
 garbage-first heap   total 198656K, used 161705K [0x0000000080000000, 0x0000000100000000)
  region size 1024K, 79 young (80896K), 5 survivors (5120K)
 Metaspace       used 100594K, committed 101248K, reserved 1179648K
  class space    used 13767K, committed 14080K, reserved 1048576K
}
Event: 31.644 GC heap after
{Heap after GC invocations=40 (full 0):
 garbage-first heap   total 198656K, used 98053K [0x0000000080000000, 0x0000000100000000)
  region size 1024K, 10 young (10240K), 10 survivors (10240K)
 Metaspace       used 100594K, committed 101248K, reserved 1179648K
  class space    used 13767K, committed 14080K, reserved 1048576K
}
Event: 33.272 GC heap before
{Heap before GC invocations=40 (full 0):
 garbage-first heap   total 198656K, used 158469K [0x0000000080000000, 0x0000000100000000)
  region size 1024K, 70 young (71680K), 10 survivors (10240K)
 Metaspace       used 102880K, committed 103552K, reserved 1179648K
  class space    used 14083K, committed 14400K, reserved 1048576K
}
Event: 33.307 GC heap after
{Heap after GC invocations=41 (full 0):
 garbage-first heap   total 198656K, used 102242K [0x0000000080000000, 0x0000000100000000)
  region size 1024K, 6 young (6144K), 6 survivors (6144K)
 Metaspace       used 102880K, committed 103552K, reserved 1179648K
  class space    used 14083K, committed 14400K, reserved 1048576K
}
Event: 36.654 GC heap before
{Heap before GC invocations=41 (full 0):
 garbage-first heap   total 198656K, used 159586K [0x0000000080000000, 0x0000000100000000)
  region size 1024K, 63 young (64512K), 6 survivors (6144K)
 Metaspace       used 108846K, committed 109504K, reserved 1179648K
  class space    used 14975K, committed 15296K, reserved 1048576K
}
Event: 36.750 GC heap after
{Heap after GC invocations=42 (full 0):
 garbage-first heap   total 198656K, used 104762K [0x0000000080000000, 0x0000000100000000)
  region size 1024K, 2 young (2048K), 2 survivors (2048K)
 Metaspace       used 108846K, committed 109504K, reserved 1179648K
  class space    used 14975K, committed 15296K, reserved 1048576K
}
Event: 39.373 GC heap before
{Heap before GC invocations=43 (full 0):
 garbage-first heap   total 206848K, used 162106K [0x0000000080000000, 0x0000000100000000)
  region size 1024K, 59 young (60416K), 2 survivors (2048K)
 Metaspace       used 116402K, committed 117184K, reserved 1179648K
  class space    used 16156K, committed 16512K, reserved 1048576K
}
Event: 39.401 GC heap after
{Heap after GC invocations=44 (full 0):
 garbage-first heap   total 206848K, used 106447K [0x0000000080000000, 0x0000000100000000)
  region size 1024K, 4 young (4096K), 4 survivors (4096K)
 Metaspace       used 116402K, committed 117184K, reserved 1179648K
  class space    used 16156K, committed 16512K, reserved 1048576K
}
Event: 39.531 GC heap before
{Heap before GC invocations=44 (full 0):
 garbage-first heap   total 206848K, used 111567K [0x0000000080000000, 0x0000000100000000)
  region size 1024K, 10 young (10240K), 4 survivors (4096K)
 Metaspace       used 117112K, committed 117952K, reserved 1179648K
  class space    used 16305K, committed 16704K, reserved 1048576K
}

