# JRE version: OpenJDK Runtime Environment (17.0.11) (build 17.0.11+0--11852314)
# Java VM: OpenJDK 64-Bit Server VM (17.0.11+0--11852314, mixed mode, tiered, compressed oops, compressed class ptrs, g1 gc, windows-amd64)
GC Precious Log:
 CPUs: 4 total, 4 available
 Memory: 4094M
 Large Page Support: Disabled
 NUMA Support: Disabled
 Compressed Oops: Enabled (32-bit)
 Heap Region Size: 1M
 Heap Min Capacity: 8M
 Heap Initial Capacity: 64M
 Heap Max Capacity: 2G
 Pre-touch: Disabled
 Parallel Workers: 4
 Concurrent Workers: 1
 Concurrent Refinement Workers: 4
 Periodic GC: Disabled
Heap:
 garbage-first heap   total 402432K, used 135429K [0x0000000080000000, 0x0000000100000000)
  region size 1024K, 39 young (39936K), 4 survivors (4096K)
 Metaspace       used 127807K, committed 128704K, reserved 1179648K
  class space    used 17849K, committed 18304K, reserved 1048576K
GC Heap History (20 events):
Event: 29.196 GC heap before
{Heap before GC invocations=48 (full 0):
 garbage-first heap   total 153600K, used 89804K [0x0000000080000000, 0x0000000100000000)
  region size 1024K, 8 young (8192K), 1 survivors (1024K)
 Metaspace       used 99709K, committed 100416K, reserved 1179648K
  class space    used 13671K, committed 14016K, reserved 1048576K
}
Event: 29.199 GC heap after
{Heap after GC invocations=49 (full 0):
 garbage-first heap   total 184320K, used 85358K [0x0000000080000000, 0x0000000100000000)
  region size 1024K, 2 young (2048K), 2 survivors (2048K)
 Metaspace       used 99709K, committed 100416K, reserved 1179648K
  class space    used 13671K, committed 14016K, reserved 1048576K
}
Event: 30.640 GC heap before
{Heap before GC invocations=50 (full 0):
 garbage-first heap   total 184320K, used 153966K [0x0000000080000000, 0x0000000100000000)
  region size 1024K, 68 young (69632K), 2 survivors (2048K)
 Metaspace       used 102706K, committed 103424K, reserved 1179648K
  class space    used 14037K, committed 14336K, reserved 1048576K
}
Event: 30.659 GC heap after
{Heap after GC invocations=51 (full 0):
 garbage-first heap   total 184320K, used 97066K [0x0000000080000000, 0x0000000100000000)
  region size 1024K, 9 young (9216K), 9 survivors (9216K)
 Metaspace       used 102706K, committed 103424K, reserved 1179648K
  class space    used 14037K, committed 14336K, reserved 1048576K
}
Event: 30.674 GC heap before
{Heap before GC invocations=51 (full 0):
 garbage-first heap   total 184320K, used 98090K [0x0000000080000000, 0x0000000100000000)
  region size 1024K, 10 young (10240K), 9 survivors (9216K)
 Metaspace       used 102730K, committed 103424K, reserved 1179648K
  class space    used 14043K, committed 14336K, reserved 1048576K
}
Event: 30.688 GC heap after
{Heap after GC invocations=52 (full 0):
 garbage-first heap   total 184320K, used 97847K [0x0000000080000000, 0x0000000100000000)
  region size 1024K, 2 young (2048K), 2 survivors (2048K)
 Metaspace       used 102730K, committed 103424K, reserved 1179648K
  class space    used 14043K, committed 14336K, reserved 1048576K
}
Event: 32.094 GC heap before
{Heap before GC invocations=52 (full 0):
 garbage-first heap   total 184320K, used 146999K [0x0000000080000000, 0x0000000100000000)
  region size 1024K, 51 young (52224K), 2 survivors (2048K)
 Metaspace       used 103593K, committed 104320K, reserved 1179648K
  class space    used 14182K, committed 14528K, reserved 1048576K
}
Event: 32.101 GC heap after
{Heap after GC invocations=53 (full 0):
 garbage-first heap   total 184320K, used 99041K [0x0000000080000000, 0x0000000100000000)
  region size 1024K, 3 young (3072K), 3 survivors (3072K)
 Metaspace       used 103593K, committed 104320K, reserved 1179648K
  class space    used 14182K, committed 14528K, reserved 1048576K
}
Event: 33.772 GC heap before
{Heap before GC invocations=54 (full 0):
 garbage-first heap   total 184320K, used 149217K [0x0000000080000000, 0x0000000100000000)
  region size 1024K, 53 young (54272K), 3 survivors (3072K)
 Metaspace       used 109792K, committed 110528K, reserved 1179648K
  class space    used 15084K, committed 15424K, reserved 1048576K
}
Event: 33.780 GC heap after
{Heap after GC invocations=55 (full 0):
 garbage-first heap   total 184320K, used 100132K [0x0000000080000000, 0x0000000100000000)
  region size 1024K, 4 young (4096K), 4 survivors (4096K)
 Metaspace       used 109792K, committed 110528K, reserved 1179648K
  class space    used 15084K, committed 15424K, reserved 1048576K
}
Event: 33.883 GC heap before
{Heap before GC invocations=55 (full 0):
 garbage-first heap   total 184320K, used 104228K [0x0000000080000000, 0x0000000100000000)
  region size 1024K, 9 young (9216K), 4 survivors (4096K)
 Metaspace       used 110518K, committed 111168K, reserved 1179648K
  class space    used 15190K, committed 15488K, reserved 1048576K
}
Event: 33.890 GC heap after
{Heap after GC invocations=56 (full 0):
 garbage-first heap   total 184320K, used 98543K [0x0000000080000000, 0x0000000100000000)
  region size 1024K, 1 young (1024K), 1 survivors (1024K)
 Metaspace       used 110518K, committed 111168K, reserved 1179648K
  class space    used 15190K, committed 15488K, reserved 1048576K
}
Event: 35.230 GC heap before
{Heap before GC invocations=56 (full 0):
 garbage-first heap   total 184320K, used 151791K [0x0000000080000000, 0x0000000100000000)
  region size 1024K, 54 young (55296K), 1 survivors (1024K)
 Metaspace       used 117584K, committed 118336K, reserved 1179648K
  class space    used 16378K, committed 16704K, reserved 1048576K
}
Event: 35.236 GC heap after
{Heap after GC invocations=57 (full 0):
 garbage-first heap   total 184320K, used 100174K [0x0000000080000000, 0x0000000100000000)
  region size 1024K, 3 young (3072K), 3 survivors (3072K)
 Metaspace       used 117584K, committed 118336K, reserved 1179648K
  class space    used 16378K, committed 16704K, reserved 1048576K
}
Event: 36.878 GC heap before
{Heap before GC invocations=58 (full 0):
 garbage-first heap   total 184320K, used 151374K [0x0000000080000000, 0x0000000100000000)
  region size 1024K, 56 young (57344K), 3 survivors (3072K)
 Metaspace       used 122656K, committed 123456K, reserved 1179648K
  class space    used 17208K, committed 17600K, reserved 1048576K
}
Event: 36.886 GC heap after
{Heap after GC invocations=59 (full 0):
 garbage-first heap   total 184320K, used 99248K [0x0000000080000000, 0x0000000100000000)
  region size 1024K, 4 young (4096K), 4 survivors (4096K)
 Metaspace       used 122656K, committed 123456K, reserved 1179648K
  class space    used 17208K, committed 17600K, reserved 1048576K
}
Event: 37.006 GC heap before
{Heap before GC invocations=59 (full 0):
 garbage-first heap   total 184320K, used 104368K [0x0000000080000000, 0x0000000100000000)
  region size 1024K, 9 young (9216K), 4 survivors (4096K)
 Metaspace       used 123149K, committed 123968K, reserved 1179648K
  class space    used 17269K, committed 17664K, reserved 1048576K
}
Event: 37.013 GC heap after
{Heap after GC invocations=60 (full 0):
 garbage-first heap   total 184320K, used 98008K [0x0000000080000000, 0x0000000100000000)
  region size 1024K, 1 young (1024K), 1 survivors (1024K)
 Metaspace       used 123149K, committed 123968K, reserved 1179648K
  class space    used 17269K, committed 17664K, reserved 1048576K
}
Event: 704.929 GC heap before
{Heap before GC invocations=60 (full 0):
 garbage-first heap   total 184320K, used 166616K [0x0000000080000000, 0x0000000100000000)
  region size 1024K, 58 young (59392K), 1 survivors (1024K)
 Metaspace       used 127163K, committed 128064K, reserved 1179648K
  class space    used 17778K, committed 18176K, reserved 1048576K
}
Event: 705.282 GC heap after
{Heap after GC invocations=61 (full 0):
 garbage-first heap   total 402432K, used 100613K [0x0000000080000000, 0x0000000100000000)
  region size 1024K, 4 young (4096K), 4 survivors (4096K)
 Metaspace       used 127163K, committed 128064K, reserved 1179648K
  class space    used 17778K, committed 18176K, reserved 1048576K
}

