# JRE version: OpenJDK Runtime Environment (17.0.11) (build 17.0.11+0--11852314)
# Java VM: OpenJDK 64-Bit Server VM (17.0.11+0--11852314, mixed mode, tiered, compressed oops, compressed class ptrs, g1 gc, windows-amd64)
GC Precious Log:
 CPUs: 4 total, 4 available
 Memory: 4094M
 Large Page Support: Disabled
 NUMA Support: Disabled
 Compressed Oops: Enabled (32-bit)
 Heap Region Size: 1M
 Heap Min Capacity: 8M
 Heap Initial Capacity: 64M
 Heap Max Capacity: 2G
 Pre-touch: Disabled
 Parallel Workers: 4
 Concurrent Workers: 1
 Concurrent Refinement Workers: 4
 Periodic GC: Disabled
Heap:
 garbage-first heap   total 339968K, used 253711K [0x0000000080000000, 0x0000000100000000)
  region size 1024K, 91 young (93184K), 9 survivors (9216K)
 Metaspace       used 138290K, committed 139648K, reserved 1179648K
  class space    used 18536K, committed 19136K, reserved 1048576K
GC Heap History (20 events):
Event: 6927.586 GC heap before
{Heap before GC invocations=74 (full 0):
 garbage-first heap   total 339968K, used 168870K [0x0000000080000000, 0x0000000100000000)
  region size 1024K, 16 young (16384K), 2 survivors (2048K)
 Metaspace       used 117818K, committed 118976K, reserved 1179648K
  class space    used 15605K, committed 16128K, reserved 1048576K
}
Event: 6927.621 GC heap after
{Heap after GC invocations=75 (full 0):
 garbage-first heap   total 339968K, used 127980K [0x0000000080000000, 0x0000000100000000)
  region size 1024K, 2 young (2048K), 2 survivors (2048K)
 Metaspace       used 117818K, committed 118976K, reserved 1179648K
  class space    used 15605K, committed 16128K, reserved 1048576K
}
Event: 6927.800 GC heap before
{Heap before GC invocations=75 (full 0):
 garbage-first heap   total 339968K, used 141292K [0x0000000080000000, 0x0000000100000000)
  region size 1024K, 16 young (16384K), 2 survivors (2048K)
 Metaspace       used 117945K, committed 118976K, reserved 1179648K
  class space    used 15627K, committed 16128K, reserved 1048576K
}
Event: 6927.818 GC heap after
{Heap after GC invocations=76 (full 0):
 garbage-first heap   total 339968K, used 125538K [0x0000000080000000, 0x0000000100000000)
  region size 1024K, 1 young (1024K), 1 survivors (1024K)
 Metaspace       used 117945K, committed 118976K, reserved 1179648K
  class space    used 15627K, committed 16128K, reserved 1048576K
}
Event: 6931.472 GC heap before
{Heap before GC invocations=76 (full 0):
 garbage-first heap   total 339968K, used 252514K [0x0000000080000000, 0x0000000100000000)
  region size 1024K, 124 young (126976K), 1 survivors (1024K)
 Metaspace       used 126787K, committed 127744K, reserved 1179648K
  class space    used 16890K, committed 17344K, reserved 1048576K
}
Event: 6931.528 GC heap after
{Heap after GC invocations=77 (full 0):
 garbage-first heap   total 339968K, used 136797K [0x0000000080000000, 0x0000000100000000)
  region size 1024K, 12 young (12288K), 12 survivors (12288K)
 Metaspace       used 126787K, committed 127744K, reserved 1179648K
  class space    used 16890K, committed 17344K, reserved 1048576K
}
Event: 6934.388 GC heap before
{Heap before GC invocations=77 (full 0):
 garbage-first heap   total 339968K, used 254557K [0x0000000080000000, 0x0000000100000000)
  region size 1024K, 127 young (130048K), 12 survivors (12288K)
 Metaspace       used 135090K, committed 136000K, reserved 1179648K
  class space    used 18080K, committed 18496K, reserved 1048576K
}
Event: 6934.414 GC heap after
{Heap after GC invocations=78 (full 0):
 garbage-first heap   total 339968K, used 135735K [0x0000000080000000, 0x0000000100000000)
  region size 1024K, 6 young (6144K), 6 survivors (6144K)
 Metaspace       used 135090K, committed 136000K, reserved 1179648K
  class space    used 18080K, committed 18496K, reserved 1048576K
}
Event: 7222.047 GC heap before
{Heap before GC invocations=78 (full 0):
 garbage-first heap   total 339968K, used 286263K [0x0000000080000000, 0x0000000100000000)
  region size 1024K, 132 young (135168K), 6 survivors (6144K)
 Metaspace       used 136490K, committed 137536K, reserved 1179648K
  class space    used 18339K, committed 18816K, reserved 1048576K
}
Event: 7222.489 GC heap after
{Heap after GC invocations=79 (full 0):
 garbage-first heap   total 339968K, used 158587K [0x0000000080000000, 0x0000000100000000)
  region size 1024K, 17 young (17408K), 17 survivors (17408K)
 Metaspace       used 136490K, committed 137536K, reserved 1179648K
  class space    used 18339K, committed 18816K, reserved 1048576K
}
Event: 7223.897 GC heap before
{Heap before GC invocations=79 (full 0):
 garbage-first heap   total 339968K, used 241531K [0x0000000080000000, 0x0000000100000000)
  region size 1024K, 82 young (83968K), 17 survivors (17408K)
 Metaspace       used 136532K, committed 137536K, reserved 1179648K
  class space    used 18340K, committed 18816K, reserved 1048576K
}
Event: 7224.001 GC heap after
{Heap after GC invocations=80 (full 0):
 garbage-first heap   total 339968K, used 166785K [0x0000000080000000, 0x0000000100000000)
  region size 1024K, 7 young (7168K), 7 survivors (7168K)
 Metaspace       used 136532K, committed 137536K, reserved 1179648K
  class space    used 18340K, committed 18816K, reserved 1048576K
}
Event: 7227.967 GC heap before
{Heap before GC invocations=80 (full 0):
 garbage-first heap   total 339968K, used 258945K [0x0000000080000000, 0x0000000100000000)
  region size 1024K, 98 young (100352K), 7 survivors (7168K)
 Metaspace       used 136609K, committed 137600K, reserved 1179648K
  class space    used 18343K, committed 18816K, reserved 1048576K
}
Event: 7227.988 GC heap after
{Heap after GC invocations=81 (full 0):
 garbage-first heap   total 339968K, used 167809K [0x0000000080000000, 0x0000000100000000)
  region size 1024K, 8 young (8192K), 8 survivors (8192K)
 Metaspace       used 136609K, committed 137600K, reserved 1179648K
  class space    used 18343K, committed 18816K, reserved 1048576K
}
Event: 7229.232 GC heap before
{Heap before GC invocations=81 (full 0):
 garbage-first heap   total 339968K, used 268161K [0x0000000080000000, 0x0000000100000000)
  region size 1024K, 104 young (106496K), 8 survivors (8192K)
 Metaspace       used 136925K, committed 137856K, reserved 1179648K
  class space    used 18344K, committed 18816K, reserved 1048576K
}
Event: 7229.249 GC heap after
{Heap after GC invocations=82 (full 0):
 garbage-first heap   total 339968K, used 171125K [0x0000000080000000, 0x0000000100000000)
  region size 1024K, 8 young (8192K), 8 survivors (8192K)
 Metaspace       used 136925K, committed 137856K, reserved 1179648K
  class space    used 18344K, committed 18816K, reserved 1048576K
}
Event: 7382.117 GC heap before
{Heap before GC invocations=82 (full 0):
 garbage-first heap   total 339968K, used 282741K [0x0000000080000000, 0x0000000100000000)
  region size 1024K, 106 young (108544K), 8 survivors (8192K)
 Metaspace       used 137159K, committed 138176K, reserved 1179648K
  class space    used 18345K, committed 18816K, reserved 1048576K
}
Event: 7382.135 GC heap after
{Heap after GC invocations=83 (full 0):
 garbage-first heap   total 339968K, used 165616K [0x0000000080000000, 0x0000000100000000)
  region size 1024K, 2 young (2048K), 2 survivors (2048K)
 Metaspace       used 137159K, committed 138176K, reserved 1179648K
  class space    used 18345K, committed 18816K, reserved 1048576K
}
Event: 7497.022 GC heap before
{Heap before GC invocations=83 (full 0):
 garbage-first heap   total 339968K, used 276207K [0x0000000080000000, 0x0000000100000000)
  region size 1024K, 111 young (113664K), 2 survivors (2048K)
 Metaspace       used 138137K, committed 139456K, reserved 1179648K
  class space    used 18534K, committed 19136K, reserved 1048576K
}
Event: 7497.130 GC heap after
{Heap after GC invocations=84 (full 0):
 garbage-first heap   total 339968K, used 171791K [0x0000000080000000, 0x0000000100000000)
  region size 1024K, 9 young (9216K), 9 survivors (9216K)
 Metaspace       used 138137K, committed 139456K, reserved 1179648K
  class space    used 18534K, committed 19136K, reserved 1048576K
}

